{"/home/travis/build/npmtest/node-npmtest-threads_a_gogo/test.js":{"path":"/home/travis/build/npmtest/node-npmtest-threads_a_gogo/test.js","s":{"1":2,"2":2,"3":2,"4":2,"5":2,"6":2,"7":2,"8":1,"9":2,"10":2,"11":1,"12":1,"13":1,"14":1,"15":2,"16":2,"17":2,"18":2,"19":1,"20":1,"21":2,"22":2,"23":2,"24":1,"25":1,"26":1,"27":1,"28":1,"29":1,"30":1,"31":1,"32":1,"33":1,"34":1,"35":1,"36":1,"37":1,"38":1,"39":2,"40":2,"41":1,"42":2,"43":2,"44":1,"45":2,"46":2,"47":1,"48":2,"49":2,"50":1,"51":1,"52":1,"53":1,"54":1},"b":{"1":[2,1,1,1],"2":[1,1,1,1],"3":[1,1],"4":[1,1],"5":[1,1],"6":[1,1],"7":[1,1],"8":[1,1],"9":[1,1],"10":[1,1,1],"11":[1,1],"12":[1,1],"13":[1,1],"14":[1,1],"15":[1,1],"16":[1,1],"17":[1,1]},"f":{"1":2,"2":2,"3":2,"4":2,"5":2,"6":1,"7":1,"8":1,"9":2,"10":2,"11":2,"12":2,"13":1},"fnMap":{"1":{"name":"(anonymous_1)","line":12,"loc":{"start":{"line":12,"column":1},"end":{"line":12,"column":13}}},"2":{"name":"(anonymous_2)","line":19,"loc":{"start":{"line":19,"column":5},"end":{"line":19,"column":17}}},"3":{"name":"(anonymous_3)","line":23,"loc":{"start":{"line":23,"column":24},"end":{"line":23,"column":36}}},"4":{"name":"(anonymous_4)","line":61,"loc":{"start":{"line":61,"column":5},"end":{"line":61,"column":17}}},"5":{"name":"(anonymous_5)","line":82,"loc":{"start":{"line":82,"column":5},"end":{"line":82,"column":17}}},"6":{"name":"(anonymous_6)","line":91,"loc":{"start":{"line":91,"column":77},"end":{"line":94,"column":10}}},"7":{"name":"(anonymous_7)","line":112,"loc":{"start":{"line":112,"column":83},"end":{"line":115,"column":10}},"skip":true},"8":{"name":"(anonymous_8)","line":123,"loc":{"start":{"line":123,"column":77},"end":{"line":126,"column":10}},"skip":true},"9":{"name":"(anonymous_9)","line":139,"loc":{"start":{"line":139,"column":12},"end":{"line":139,"column":40}},"skip":true},"10":{"name":"(anonymous_10)","line":147,"loc":{"start":{"line":147,"column":77},"end":{"line":150,"column":10}},"skip":true},"11":{"name":"(anonymous_11)","line":158,"loc":{"start":{"line":158,"column":83},"end":{"line":161,"column":10}},"skip":true},"12":{"name":"(anonymous_12)","line":169,"loc":{"start":{"line":169,"column":79},"end":{"line":172,"column":10}},"skip":true},"13":{"name":"(anonymous_13)","line":180,"loc":{"start":{"line":180,"column":75},"end":{"line":183,"column":10}},"skip":true}},"statementMap":{"1":{"start":{"line":12,"column":0},"end":{"line":195,"column":5}},"2":{"start":{"line":14,"column":4},"end":{"line":14,"column":14}},"3":{"start":{"line":19,"column":4},"end":{"line":56,"column":9}},"4":{"start":{"line":21,"column":8},"end":{"line":21,"column":19}},"5":{"start":{"line":23,"column":8},"end":{"line":35,"column":13}},"6":{"start":{"line":24,"column":12},"end":{"line":34,"column":13}},"7":{"start":{"line":25,"column":16},"end":{"line":28,"column":30}},"8":{"start":{"line":30,"column":16},"end":{"line":33,"column":27}},"9":{"start":{"line":37,"column":8},"end":{"line":39,"column":21}},"10":{"start":{"line":40,"column":8},"end":{"line":53,"column":9}},"11":{"start":{"line":43,"column":12},"end":{"line":46,"column":14}},"12":{"start":{"line":47,"column":12},"end":{"line":47,"column":18}},"13":{"start":{"line":50,"column":12},"end":{"line":51,"column":33}},"14":{"start":{"line":52,"column":12},"end":{"line":52,"column":18}},"15":{"start":{"line":55,"column":8},"end":{"line":55,"column":35}},"16":{"start":{"line":61,"column":4},"end":{"line":63,"column":9}},"17":{"start":{"line":62,"column":8},"end":{"line":62,"column":15}},"18":{"start":{"line":64,"column":4},"end":{"line":77,"column":5}},"19":{"start":{"line":70,"column":8},"end":{"line":70,"column":14}},"20":{"start":{"line":76,"column":8},"end":{"line":76,"column":14}},"21":{"start":{"line":82,"column":4},"end":{"line":84,"column":9}},"22":{"start":{"line":83,"column":8},"end":{"line":83,"column":15}},"23":{"start":{"line":85,"column":4},"end":{"line":194,"column":5}},"24":{"start":{"line":91,"column":8},"end":{"line":99,"column":10}},"25":{"start":{"line":98,"column":12},"end":{"line":98,"column":35}},"26":{"start":{"line":102,"column":8},"end":{"line":104,"column":63}},"27":{"start":{"line":105,"column":8},"end":{"line":105,"column":14}},"28":{"start":{"line":112,"column":8},"end":{"line":121,"column":10},"skip":true},"29":{"start":{"line":119,"column":12},"end":{"line":119,"column":55},"skip":true},"30":{"start":{"line":120,"column":12},"end":{"line":120,"column":48},"skip":true},"31":{"start":{"line":123,"column":8},"end":{"line":136,"column":10},"skip":true},"32":{"start":{"line":130,"column":12},"end":{"line":130,"column":76},"skip":true},"33":{"start":{"line":131,"column":12},"end":{"line":131,"column":73},"skip":true},"34":{"start":{"line":132,"column":12},"end":{"line":132,"column":74},"skip":true},"35":{"start":{"line":133,"column":12},"end":{"line":133,"column":79},"skip":true},"36":{"start":{"line":134,"column":12},"end":{"line":134,"column":25},"skip":true},"37":{"start":{"line":135,"column":12},"end":{"line":135,"column":45},"skip":true},"38":{"start":{"line":138,"column":8},"end":{"line":145,"column":14},"skip":true},"39":{"start":{"line":143,"column":16},"end":{"line":143,"column":29},"skip":true},"40":{"start":{"line":144,"column":16},"end":{"line":144,"column":55},"skip":true},"41":{"start":{"line":147,"column":8},"end":{"line":156,"column":10},"skip":true},"42":{"start":{"line":154,"column":12},"end":{"line":154,"column":25},"skip":true},"43":{"start":{"line":155,"column":12},"end":{"line":155,"column":45},"skip":true},"44":{"start":{"line":158,"column":8},"end":{"line":167,"column":10},"skip":true},"45":{"start":{"line":165,"column":12},"end":{"line":165,"column":25},"skip":true},"46":{"start":{"line":166,"column":12},"end":{"line":166,"column":48},"skip":true},"47":{"start":{"line":169,"column":8},"end":{"line":178,"column":10},"skip":true},"48":{"start":{"line":176,"column":12},"end":{"line":176,"column":25},"skip":true},"49":{"start":{"line":177,"column":12},"end":{"line":177,"column":46},"skip":true},"50":{"start":{"line":180,"column":8},"end":{"line":189,"column":10},"skip":true},"51":{"start":{"line":187,"column":12},"end":{"line":187,"column":94},"skip":true},"52":{"start":{"line":188,"column":12},"end":{"line":188,"column":48},"skip":true},"53":{"start":{"line":192,"column":8},"end":{"line":192,"column":35},"skip":true},"54":{"start":{"line":193,"column":8},"end":{"line":193,"column":14},"skip":true}},"branchMap":{"1":{"line":25,"type":"binary-expr","locations":[{"start":{"line":25,"column":23},"end":{"line":25,"column":62}},{"start":{"line":26,"column":20},"end":{"line":26,"column":70}},{"start":{"line":27,"column":20},"end":{"line":27,"column":71}},{"start":{"line":28,"column":20},"end":{"line":28,"column":29}}]},"2":{"line":30,"type":"binary-expr","locations":[{"start":{"line":30,"column":23},"end":{"line":30,"column":37}},{"start":{"line":31,"column":20},"end":{"line":31,"column":61}},{"start":{"line":32,"column":20},"end":{"line":32,"column":70}},{"start":{"line":33,"column":20},"end":{"line":33,"column":26}}]},"3":{"line":37,"type":"cond-expr","locations":[{"start":{"line":38,"column":14},"end":{"line":38,"column":20}},{"start":{"line":39,"column":14},"end":{"line":39,"column":20}}]},"4":{"line":40,"type":"switch","locations":[{"start":{"line":42,"column":8},"end":{"line":47,"column":18}},{"start":{"line":49,"column":8},"end":{"line":52,"column":18}}]},"5":{"line":44,"type":"binary-expr","locations":[{"start":{"line":44,"column":16},"end":{"line":44,"column":44}},{"start":{"line":44,"column":48},"end":{"line":44,"column":66}}]},"6":{"line":50,"type":"binary-expr","locations":[{"start":{"line":50,"column":21},"end":{"line":50,"column":49}},{"start":{"line":50,"column":53},"end":{"line":50,"column":72}}]},"7":{"line":64,"type":"switch","locations":[{"start":{"line":69,"column":4},"end":{"line":70,"column":14}},{"start":{"line":75,"column":4},"end":{"line":76,"column":14}}]},"8":{"line":85,"type":"switch","locations":[{"start":{"line":90,"column":4},"end":{"line":105,"column":14}},{"start":{"line":111,"column":4},"end":{"line":193,"column":14},"skip":true}]},"9":{"line":91,"type":"binary-expr","locations":[{"start":{"line":91,"column":42},"end":{"line":91,"column":73}},{"start":{"line":91,"column":77},"end":{"line":99,"column":9}}]},"10":{"line":102,"type":"binary-expr","locations":[{"start":{"line":102,"column":18},"end":{"line":102,"column":32}},{"start":{"line":103,"column":12},"end":{"line":103,"column":53}},{"start":{"line":104,"column":12},"end":{"line":104,"column":61}}]},"11":{"line":112,"type":"binary-expr","locations":[{"start":{"line":112,"column":45},"end":{"line":112,"column":79},"skip":true},{"start":{"line":112,"column":83},"end":{"line":121,"column":9},"skip":true}]},"12":{"line":123,"type":"binary-expr","locations":[{"start":{"line":123,"column":42},"end":{"line":123,"column":73},"skip":true},{"start":{"line":123,"column":77},"end":{"line":136,"column":9},"skip":true}]},"13":{"line":138,"type":"binary-expr","locations":[{"start":{"line":138,"column":48},"end":{"line":138,"column":85},"skip":true},{"start":{"line":139,"column":12},"end":{"line":145,"column":13},"skip":true}]},"14":{"line":147,"type":"binary-expr","locations":[{"start":{"line":147,"column":42},"end":{"line":147,"column":73},"skip":true},{"start":{"line":147,"column":77},"end":{"line":156,"column":9},"skip":true}]},"15":{"line":158,"type":"binary-expr","locations":[{"start":{"line":158,"column":45},"end":{"line":158,"column":79},"skip":true},{"start":{"line":158,"column":83},"end":{"line":167,"column":9},"skip":true}]},"16":{"line":169,"type":"binary-expr","locations":[{"start":{"line":169,"column":43},"end":{"line":169,"column":75},"skip":true},{"start":{"line":169,"column":79},"end":{"line":178,"column":9},"skip":true}]},"17":{"line":180,"type":"binary-expr","locations":[{"start":{"line":180,"column":41},"end":{"line":180,"column":71},"skip":true},{"start":{"line":180,"column":75},"end":{"line":189,"column":9},"skip":true}]}},"code":["/* istanbul instrument in package npmtest_threads_a_gogo */","/*jslint","    bitwise: true,","    browser: true,","    maxerr: 8,","    maxlen: 96,","    node: true,","    nomen: true,","    regexp: true,","    stupid: true","*/","(function () {","    'use strict';","    var local;","","","","    // run shared js-env code - init-before","    (function () {","        // init local","        local = {};","        // init modeJs","        local.modeJs = (function () {","            try {","                return typeof navigator.userAgent === 'string' &&","                    typeof document.querySelector('body') === 'object' &&","                    typeof XMLHttpRequest.prototype.open === 'function' &&","                    'browser';","            } catch (errorCaughtBrowser) {","                return module.exports &&","                    typeof process.versions.node === 'string' &&","                    typeof require('http').createServer === 'function' &&","                    'node';","            }","        }());","        // init global","        local.global = local.modeJs === 'browser'","            ? window","            : global;","        switch (local.modeJs) {","        // re-init local from window.local","        case 'browser':","            local = local.global.utility2.objectSetDefault(","                local.global.utility2_rollup || local.global.local,","                local.global.utility2","            );","            break;","        // re-init local from example.js","        case 'node':","            local = (local.global.utility2_rollup || require('utility2'))","                .requireReadme();","            break;","        }","        // export local","        local.global.local = local;","    }());","","","","    // run shared js-env code - function","    (function () {","        return;","    }());","    switch (local.modeJs) {","","","","    // run browser js-env code - function","    case 'browser':","        break;","","","","    // run node js-env code - function","    case 'node':","        break;","    }","","","","    // run shared js-env code - init-after","    (function () {","        return;","    }());","    switch (local.modeJs) {","","","","    // run browser js-env code - init-after","    case 'browser':","        local.testCase_browser_nullCase = local.testCase_browser_nullCase || function (","            options,","            onError","        ) {","        /*","         * this function will test browsers's null-case handling-behavior-behavior","         */","            onError(null, options);","        };","","        // run tests","        local.nop(local.modeTest &&","            document.querySelector('#testRunButton1') &&","            document.querySelector('#testRunButton1').click());","        break;","","","","    // run node js-env code - init-after","    /* istanbul ignore next */","    case 'node':","        local.testCase_buildApidoc_default = local.testCase_buildApidoc_default || function (","            options,","            onError","        ) {","        /*","         * this function will test buildApidoc's default handling-behavior-behavior","         */","            options = { modulePathList: module.paths };","            local.buildApidoc(options, onError);","        };","","        local.testCase_buildApp_default = local.testCase_buildApp_default || function (","            options,","            onError","        ) {","        /*","         * this function will test buildApp's default handling-behavior-behavior","         */","            local.testCase_buildReadme_default(options, local.onErrorThrow);","            local.testCase_buildLib_default(options, local.onErrorThrow);","            local.testCase_buildTest_default(options, local.onErrorThrow);","            local.testCase_buildCustomOrg_default(options, local.onErrorThrow);","            options = [];","            local.buildApp(options, onError);","        };","","        local.testCase_buildCustomOrg_default = local.testCase_buildCustomOrg_default ||","            function (options, onError) {","            /*","             * this function will test buildCustomOrg's default handling-behavior","             */","                options = {};","                local.buildCustomOrg(options, onError);","            };","","        local.testCase_buildLib_default = local.testCase_buildLib_default || function (","            options,","            onError","        ) {","        /*","         * this function will test buildLib's default handling-behavior","         */","            options = {};","            local.buildLib(options, onError);","        };","","        local.testCase_buildReadme_default = local.testCase_buildReadme_default || function (","            options,","            onError","        ) {","        /*","         * this function will test buildReadme's default handling-behavior-behavior","         */","            options = {};","            local.buildReadme(options, onError);","        };","","        local.testCase_buildTest_default = local.testCase_buildTest_default || function (","            options,","            onError","        ) {","        /*","         * this function will test buildTest's default handling-behavior","         */","            options = {};","            local.buildTest(options, onError);","        };","","        local.testCase_webpage_default = local.testCase_webpage_default || function (","            options,","            onError","        ) {","        /*","         * this function will test webpage's default handling-behavior","         */","            options = { modeCoverageMerge: true, url: local.serverLocalHost + '?modeTest=1' };","            local.browserTest(options, onError);","        };","","        // run test-server","        local.testRunServer(local);","        break;","    }","}());",""],"l":{"12":2,"14":2,"19":2,"21":2,"23":2,"24":2,"25":2,"30":1,"37":2,"40":2,"43":1,"47":1,"50":1,"52":1,"55":2,"61":2,"62":2,"64":2,"70":1,"76":1,"82":2,"83":2,"85":2,"91":1,"98":1,"102":1,"105":1,"112":1,"119":1,"120":1,"123":1,"130":1,"131":1,"132":1,"133":1,"134":1,"135":1,"138":1,"143":2,"144":2,"147":1,"154":2,"155":2,"158":1,"165":2,"166":2,"169":1,"176":2,"177":2,"180":1,"187":1,"188":1,"192":1,"193":1}},"/home/travis/build/npmtest/node-npmtest-threads_a_gogo/lib.npmtest_threads_a_gogo.js":{"path":"/home/travis/build/npmtest/node-npmtest-threads_a_gogo/lib.npmtest_threads_a_gogo.js","s":{"1":2,"2":2,"3":2,"4":2,"5":2,"6":2,"7":2,"8":1,"9":2,"10":2,"11":2,"12":2,"13":1,"14":1,"15":1,"16":1},"b":{"1":[2,1,1,1],"2":[1,1,1,1],"3":[1,1],"4":[2,2],"5":[1,1]},"f":{"1":2,"2":2,"3":2},"fnMap":{"1":{"name":"(anonymous_1)","line":12,"loc":{"start":{"line":12,"column":1},"end":{"line":12,"column":13}}},"2":{"name":"(anonymous_2)","line":19,"loc":{"start":{"line":19,"column":5},"end":{"line":19,"column":17}}},"3":{"name":"(anonymous_3)","line":23,"loc":{"start":{"line":23,"column":24},"end":{"line":23,"column":36}}}},"statementMap":{"1":{"start":{"line":12,"column":0},"end":{"line":53,"column":5}},"2":{"start":{"line":14,"column":4},"end":{"line":14,"column":14}},"3":{"start":{"line":19,"column":4},"end":{"line":52,"column":9}},"4":{"start":{"line":21,"column":8},"end":{"line":21,"column":19}},"5":{"start":{"line":23,"column":8},"end":{"line":35,"column":13}},"6":{"start":{"line":24,"column":12},"end":{"line":34,"column":13}},"7":{"start":{"line":25,"column":16},"end":{"line":28,"column":30}},"8":{"start":{"line":30,"column":16},"end":{"line":33,"column":27}},"9":{"start":{"line":37,"column":8},"end":{"line":39,"column":21}},"10":{"start":{"line":41,"column":8},"end":{"line":41,"column":54}},"11":{"start":{"line":43,"column":8},"end":{"line":43,"column":59}},"12":{"start":{"line":45,"column":8},"end":{"line":51,"column":9}},"13":{"start":{"line":46,"column":12},"end":{"line":46,"column":65}},"14":{"start":{"line":48,"column":12},"end":{"line":48,"column":35}},"15":{"start":{"line":49,"column":12},"end":{"line":49,"column":49}},"16":{"start":{"line":50,"column":12},"end":{"line":50,"column":43}}},"branchMap":{"1":{"line":25,"type":"binary-expr","locations":[{"start":{"line":25,"column":23},"end":{"line":25,"column":62}},{"start":{"line":26,"column":20},"end":{"line":26,"column":70}},{"start":{"line":27,"column":20},"end":{"line":27,"column":71}},{"start":{"line":28,"column":20},"end":{"line":28,"column":29}}]},"2":{"line":30,"type":"binary-expr","locations":[{"start":{"line":30,"column":23},"end":{"line":30,"column":37}},{"start":{"line":31,"column":20},"end":{"line":31,"column":61}},{"start":{"line":32,"column":20},"end":{"line":32,"column":70}},{"start":{"line":33,"column":20},"end":{"line":33,"column":26}}]},"3":{"line":37,"type":"cond-expr","locations":[{"start":{"line":38,"column":14},"end":{"line":38,"column":20}},{"start":{"line":39,"column":14},"end":{"line":39,"column":20}}]},"4":{"line":41,"type":"binary-expr","locations":[{"start":{"line":41,"column":16},"end":{"line":41,"column":44}},{"start":{"line":41,"column":48},"end":{"line":41,"column":53}}]},"5":{"line":45,"type":"if","locations":[{"start":{"line":45,"column":8},"end":{"line":45,"column":8}},{"start":{"line":45,"column":8},"end":{"line":45,"column":8}}]}},"code":["/* istanbul instrument in package npmtest_threads_a_gogo */","/*jslint","    bitwise: true,","    browser: true,","    maxerr: 8,","    maxlen: 96,","    node: true,","    nomen: true,","    regexp: true,","    stupid: true","*/","(function () {","    'use strict';","    var local;","","","","    // run shared js-env code - init-before","    (function () {","        // init local","        local = {};","        // init modeJs","        local.modeJs = (function () {","            try {","                return typeof navigator.userAgent === 'string' &&","                    typeof document.querySelector('body') === 'object' &&","                    typeof XMLHttpRequest.prototype.open === 'function' &&","                    'browser';","            } catch (errorCaughtBrowser) {","                return module.exports &&","                    typeof process.versions.node === 'string' &&","                    typeof require('http').createServer === 'function' &&","                    'node';","            }","        }());","        // init global","        local.global = local.modeJs === 'browser'","            ? window","            : global;","        // init utility2_rollup","        local = local.global.utility2_rollup || local;","        // init lib","        local.local = local.npmtest_threads_a_gogo = local;","        // init exports","        if (local.modeJs === 'browser') {","            local.global.utility2_npmtest_threads_a_gogo = local;","        } else {","            module.exports = local;","            module.exports.__dirname = __dirname;","            module.exports.module = module;","        }","    }());","}());",""],"l":{"12":2,"14":2,"19":2,"21":2,"23":2,"24":2,"25":2,"30":1,"37":2,"41":2,"43":2,"45":2,"46":1,"48":1,"49":1,"50":1}},"/home/travis/build/npmtest/node-npmtest-threads_a_gogo/example.js":{"path":"/home/travis/build/npmtest/node-npmtest-threads_a_gogo/example.js","s":{"1":2,"2":2,"3":2,"4":2,"5":2,"6":2,"7":2,"8":1,"9":2,"10":2,"11":2,"12":2,"13":1,"14":2,"15":2,"16":2,"17":2,"18":2,"19":0,"20":2,"21":1,"22":1,"23":1,"24":1,"25":1,"26":0,"27":0,"28":1,"29":1,"30":2,"31":0,"32":0,"33":0,"34":1,"35":2,"36":2,"37":3,"38":3,"39":3,"40":3,"41":0,"42":3,"43":3,"44":3,"45":1,"46":3,"47":1,"48":1,"49":1,"50":1,"51":1,"52":1,"53":1,"54":1,"55":1,"56":1,"57":0,"58":1,"59":6,"60":6,"61":1,"62":2,"63":0,"64":2,"65":1,"66":1,"67":0,"68":0,"69":0,"70":0,"71":0,"72":0,"73":0,"74":0,"75":0,"76":0,"77":0,"78":0,"79":0,"80":0,"81":0,"82":0,"83":0},"b":{"1":[2,1,1,1],"2":[1,1,1,1],"3":[1,1],"4":[2,2],"5":[1,1],"6":[1,1],"7":[2,0],"8":[2,1,1,1,1,1],"9":[0,2,0],"10":[1,1],"11":[2,1,1],"12":[1,0],"13":[0,2],"14":[2,0,0,0,0,0,0],"15":[0,3],"16":[3,0],"17":[1,1],"18":[0,1],"19":[1,2,0,2],"20":[1,0],"21":[1,1],"22":[0,0],"23":[0,0],"24":[0,0],"25":[0,0],"26":[0,0],"27":[0,0],"28":[0,0]},"f":{"1":2,"2":2,"3":2,"4":2,"5":2,"6":2,"7":3,"8":3,"9":3,"10":1,"11":6,"12":0},"fnMap":{"1":{"name":"(anonymous_1)","line":26,"loc":{"start":{"line":26,"column":1},"end":{"line":26,"column":13}}},"2":{"name":"(anonymous_2)","line":33,"loc":{"start":{"line":33,"column":5},"end":{"line":33,"column":17}}},"3":{"name":"(anonymous_3)","line":37,"loc":{"start":{"line":37,"column":24},"end":{"line":37,"column":36}}},"4":{"name":"(anonymous_4)","line":69,"loc":{"start":{"line":69,"column":31},"end":{"line":69,"column":48}},"skip":true},"5":{"name":"(anonymous_5)","line":78,"loc":{"start":{"line":78,"column":26},"end":{"line":78,"column":45}},"skip":true},"6":{"name":"(anonymous_6)","line":123,"loc":{"start":{"line":123,"column":33},"end":{"line":123,"column":48}},"skip":true},"7":{"name":"(anonymous_7)","line":125,"loc":{"start":{"line":125,"column":27},"end":{"line":125,"column":39}},"skip":true},"8":{"name":"(anonymous_8)","line":133,"loc":{"start":{"line":133,"column":59},"end":{"line":133,"column":74}},"skip":true},"9":{"name":"(anonymous_9)","line":143,"loc":{"start":{"line":143,"column":45},"end":{"line":143,"column":62}},"skip":true},"10":{"name":"(anonymous_10)","line":144,"loc":{"start":{"line":144,"column":73},"end":{"line":144,"column":92}},"skip":true},"11":{"name":"(anonymous_11)","line":272,"loc":{"start":{"line":272,"column":51},"end":{"line":272,"column":77}},"skip":true},"12":{"name":"(anonymous_12)","line":315,"loc":{"start":{"line":315,"column":32},"end":{"line":315,"column":61}},"skip":true}},"statementMap":{"1":{"start":{"line":26,"column":0},"end":{"line":326,"column":5}},"2":{"start":{"line":28,"column":4},"end":{"line":28,"column":14}},"3":{"start":{"line":33,"column":4},"end":{"line":60,"column":9}},"4":{"start":{"line":35,"column":8},"end":{"line":35,"column":19}},"5":{"start":{"line":37,"column":8},"end":{"line":49,"column":13}},"6":{"start":{"line":38,"column":12},"end":{"line":48,"column":13}},"7":{"start":{"line":39,"column":16},"end":{"line":42,"column":30}},"8":{"start":{"line":44,"column":16},"end":{"line":47,"column":27}},"9":{"start":{"line":51,"column":8},"end":{"line":53,"column":21}},"10":{"start":{"line":55,"column":8},"end":{"line":57,"column":45}},"11":{"start":{"line":59,"column":8},"end":{"line":59,"column":35}},"12":{"start":{"line":61,"column":4},"end":{"line":325,"column":5}},"13":{"start":{"line":69,"column":8},"end":{"line":121,"column":10},"skip":true},"14":{"start":{"line":70,"column":12},"end":{"line":88,"column":13},"skip":true},"15":{"start":{"line":76,"column":16},"end":{"line":87,"column":19},"skip":true},"16":{"start":{"line":79,"column":20},"end":{"line":86,"column":21},"skip":true},"17":{"start":{"line":82,"column":24},"end":{"line":82,"column":43},"skip":true},"18":{"start":{"line":83,"column":24},"end":{"line":83,"column":30},"skip":true},"19":{"start":{"line":85,"column":24},"end":{"line":85,"column":49},"skip":true},"20":{"start":{"line":89,"column":12},"end":{"line":107,"column":13},"skip":true},"21":{"start":{"line":92,"column":16},"end":{"line":102,"column":17},"skip":true},"22":{"start":{"line":93,"column":20},"end":{"line":93,"column":86},"skip":true},"23":{"start":{"line":94,"column":20},"end":{"line":95,"column":45},"skip":true},"24":{"start":{"line":96,"column":20},"end":{"line":96,"column":42},"skip":true},"25":{"start":{"line":97,"column":20},"end":{"line":97,"column":48},"skip":true},"26":{"start":{"line":100,"column":20},"end":{"line":100,"column":85},"skip":true},"27":{"start":{"line":101,"column":20},"end":{"line":101,"column":96},"skip":true},"28":{"start":{"line":103,"column":16},"end":{"line":103,"column":22},"skip":true},"29":{"start":{"line":106,"column":16},"end":{"line":106,"column":22},"skip":true},"30":{"start":{"line":108,"column":12},"end":{"line":120,"column":13},"skip":true},"31":{"start":{"line":114,"column":16},"end":{"line":119,"column":17},"skip":true},"32":{"start":{"line":116,"column":20},"end":{"line":116,"column":78},"skip":true},"33":{"start":{"line":118,"column":20},"end":{"line":118,"column":47},"skip":true},"34":{"start":{"line":123,"column":8},"end":{"line":141,"column":11},"skip":true},"35":{"start":{"line":124,"column":12},"end":{"line":124,"column":54},"skip":true},"36":{"start":{"line":125,"column":12},"end":{"line":140,"column":14},"skip":true},"37":{"start":{"line":126,"column":16},"end":{"line":126,"column":28},"skip":true},"38":{"start":{"line":127,"column":16},"end":{"line":127,"column":69},"skip":true},"39":{"start":{"line":128,"column":16},"end":{"line":128,"column":75},"skip":true},"40":{"start":{"line":129,"column":16},"end":{"line":131,"column":17},"skip":true},"41":{"start":{"line":130,"column":20},"end":{"line":130,"column":27},"skip":true},"42":{"start":{"line":133,"column":16},"end":{"line":137,"column":36},"skip":true},"43":{"start":{"line":134,"column":20},"end":{"line":136,"column":55},"skip":true},"44":{"start":{"line":139,"column":16},"end":{"line":139,"column":57},"skip":true},"45":{"start":{"line":143,"column":8},"end":{"line":147,"column":11},"skip":true},"46":{"start":{"line":144,"column":12},"end":{"line":146,"column":15},"skip":true},"47":{"start":{"line":145,"column":16},"end":{"line":145,"column":70},"skip":true},"48":{"start":{"line":149,"column":8},"end":{"line":149,"column":31},"skip":true},"49":{"start":{"line":150,"column":8},"end":{"line":150,"column":14},"skip":true},"50":{"start":{"line":158,"column":8},"end":{"line":158,"column":31},"skip":true},"51":{"start":{"line":160,"column":8},"end":{"line":160,"column":33},"skip":true},"52":{"start":{"line":161,"column":8},"end":{"line":161,"column":37},"skip":true},"53":{"start":{"line":162,"column":8},"end":{"line":162,"column":35},"skip":true},"54":{"start":{"line":164,"column":8},"end":{"line":164,"column":50},"skip":true},"55":{"start":{"line":166,"column":8},"end":{"line":256,"column":2},"skip":true},"56":{"start":{"line":258,"column":8},"end":{"line":286,"column":9},"skip":true},"57":{"start":{"line":259,"column":12},"end":{"line":269,"column":14},"skip":true},"58":{"start":{"line":271,"column":12},"end":{"line":285,"column":19},"skip":true},"59":{"start":{"line":274,"column":20},"end":{"line":274,"column":35},"skip":true},"60":{"start":{"line":275,"column":20},"end":{"line":284,"column":21},"skip":true},"61":{"start":{"line":277,"column":24},"end":{"line":277,"column":64},"skip":true},"62":{"start":{"line":279,"column":24},"end":{"line":279,"column":40},"skip":true},"63":{"start":{"line":281,"column":24},"end":{"line":281,"column":40},"skip":true},"64":{"start":{"line":283,"column":24},"end":{"line":283,"column":39},"skip":true},"65":{"start":{"line":288,"column":8},"end":{"line":290,"column":9},"skip":true},"66":{"start":{"line":289,"column":12},"end":{"line":289,"column":18},"skip":true},"67":{"start":{"line":291,"column":8},"end":{"line":293,"column":54},"skip":true},"68":{"start":{"line":296,"column":8},"end":{"line":301,"column":37},"skip":true},"69":{"start":{"line":303,"column":8},"end":{"line":303,"column":82},"skip":true},"70":{"start":{"line":306,"column":8},"end":{"line":308,"column":9},"skip":true},"71":{"start":{"line":307,"column":12},"end":{"line":307,"column":82},"skip":true},"72":{"start":{"line":310,"column":8},"end":{"line":312,"column":9},"skip":true},"73":{"start":{"line":311,"column":12},"end":{"line":311,"column":18},"skip":true},"74":{"start":{"line":313,"column":8},"end":{"line":313,"column":54},"skip":true},"75":{"start":{"line":314,"column":8},"end":{"line":314,"column":69},"skip":true},"76":{"start":{"line":315,"column":8},"end":{"line":323,"column":36},"skip":true},"77":{"start":{"line":316,"column":12},"end":{"line":316,"column":61},"skip":true},"78":{"start":{"line":317,"column":12},"end":{"line":320,"column":13},"skip":true},"79":{"start":{"line":318,"column":16},"end":{"line":318,"column":75},"skip":true},"80":{"start":{"line":319,"column":16},"end":{"line":319,"column":23},"skip":true},"81":{"start":{"line":321,"column":12},"end":{"line":321,"column":38},"skip":true},"82":{"start":{"line":322,"column":12},"end":{"line":322,"column":27},"skip":true},"83":{"start":{"line":324,"column":8},"end":{"line":324,"column":14},"skip":true}},"branchMap":{"1":{"line":39,"type":"binary-expr","locations":[{"start":{"line":39,"column":23},"end":{"line":39,"column":62}},{"start":{"line":40,"column":20},"end":{"line":40,"column":70}},{"start":{"line":41,"column":20},"end":{"line":41,"column":71}},{"start":{"line":42,"column":20},"end":{"line":42,"column":29}}]},"2":{"line":44,"type":"binary-expr","locations":[{"start":{"line":44,"column":23},"end":{"line":44,"column":37}},{"start":{"line":45,"column":20},"end":{"line":45,"column":61}},{"start":{"line":46,"column":20},"end":{"line":46,"column":70}},{"start":{"line":47,"column":20},"end":{"line":47,"column":26}}]},"3":{"line":51,"type":"cond-expr","locations":[{"start":{"line":52,"column":14},"end":{"line":52,"column":20}},{"start":{"line":53,"column":14},"end":{"line":53,"column":20}}]},"4":{"line":55,"type":"binary-expr","locations":[{"start":{"line":55,"column":16},"end":{"line":55,"column":44}},{"start":{"line":55,"column":49},"end":{"line":57,"column":43}}]},"5":{"line":55,"type":"cond-expr","locations":[{"start":{"line":56,"column":14},"end":{"line":56,"column":58}},{"start":{"line":57,"column":14},"end":{"line":57,"column":43}}]},"6":{"line":61,"type":"switch","locations":[{"start":{"line":68,"column":4},"end":{"line":150,"column":14},"skip":true},{"start":{"line":156,"column":4},"end":{"line":324,"column":14},"skip":true}]},"7":{"line":70,"type":"if","locations":[{"start":{"line":70,"column":12},"end":{"line":70,"column":12},"skip":true},{"start":{"line":70,"column":12},"end":{"line":70,"column":12},"skip":true}]},"8":{"line":70,"type":"binary-expr","locations":[{"start":{"line":70,"column":16},"end":{"line":70,"column":22},"skip":true},{"start":{"line":70,"column":27},"end":{"line":70,"column":32},"skip":true},{"start":{"line":71,"column":20},"end":{"line":71,"column":39},"skip":true},{"start":{"line":72,"column":20},"end":{"line":72,"column":49},"skip":true},{"start":{"line":73,"column":20},"end":{"line":73,"column":58},"skip":true},{"start":{"line":74,"column":20},"end":{"line":74,"column":69},"skip":true}]},"9":{"line":79,"type":"switch","locations":[{"start":{"line":80,"column":20},"end":{"line":80,"column":33},"skip":true},{"start":{"line":81,"column":20},"end":{"line":83,"column":30},"skip":true},{"start":{"line":84,"column":20},"end":{"line":85,"column":49},"skip":true}]},"10":{"line":89,"type":"switch","locations":[{"start":{"line":90,"column":12},"end":{"line":103,"column":22},"skip":true},{"start":{"line":105,"column":12},"end":{"line":106,"column":22},"skip":true}]},"11":{"line":89,"type":"binary-expr","locations":[{"start":{"line":89,"column":20},"end":{"line":89,"column":25},"skip":true},{"start":{"line":89,"column":29},"end":{"line":89,"column":48},"skip":true},{"start":{"line":89,"column":52},"end":{"line":89,"column":74},"skip":true}]},"12":{"line":92,"type":"if","locations":[{"start":{"line":92,"column":16},"end":{"line":92,"column":16},"skip":true},{"start":{"line":92,"column":16},"end":{"line":92,"column":16},"skip":true}]},"13":{"line":108,"type":"if","locations":[{"start":{"line":108,"column":12},"end":{"line":108,"column":12},"skip":true},{"start":{"line":108,"column":12},"end":{"line":108,"column":12},"skip":true}]},"14":{"line":108,"type":"binary-expr","locations":[{"start":{"line":108,"column":16},"end":{"line":108,"column":61},"skip":true},{"start":{"line":108,"column":66},"end":{"line":108,"column":72},"skip":true},{"start":{"line":108,"column":77},"end":{"line":108,"column":82},"skip":true},{"start":{"line":109,"column":20},"end":{"line":109,"column":39},"skip":true},{"start":{"line":110,"column":20},"end":{"line":110,"column":49},"skip":true},{"start":{"line":111,"column":20},"end":{"line":111,"column":58},"skip":true},{"start":{"line":112,"column":20},"end":{"line":112,"column":68},"skip":true}]},"15":{"line":129,"type":"if","locations":[{"start":{"line":129,"column":16},"end":{"line":129,"column":16},"skip":true},{"start":{"line":129,"column":16},"end":{"line":129,"column":16},"skip":true}]},"16":{"line":134,"type":"cond-expr","locations":[{"start":{"line":135,"column":26},"end":{"line":135,"column":29},"skip":true},{"start":{"line":136,"column":26},"end":{"line":136,"column":54},"skip":true}]},"17":{"line":164,"type":"binary-expr","locations":[{"start":{"line":164,"column":27},"end":{"line":164,"column":43},"skip":true},{"start":{"line":164,"column":47},"end":{"line":164,"column":49},"skip":true}]},"18":{"line":258,"type":"if","locations":[{"start":{"line":258,"column":8},"end":{"line":258,"column":8},"skip":true},{"start":{"line":258,"column":8},"end":{"line":258,"column":8},"skip":true}]},"19":{"line":275,"type":"switch","locations":[{"start":{"line":276,"column":20},"end":{"line":277,"column":64},"skip":true},{"start":{"line":278,"column":20},"end":{"line":279,"column":40},"skip":true},{"start":{"line":280,"column":20},"end":{"line":281,"column":40},"skip":true},{"start":{"line":282,"column":20},"end":{"line":283,"column":39},"skip":true}]},"20":{"line":288,"type":"if","locations":[{"start":{"line":288,"column":8},"end":{"line":288,"column":8},"skip":true},{"start":{"line":288,"column":8},"end":{"line":288,"column":8},"skip":true}]},"21":{"line":288,"type":"binary-expr","locations":[{"start":{"line":288,"column":12},"end":{"line":288,"column":40},"skip":true},{"start":{"line":288,"column":44},"end":{"line":288,"column":67},"skip":true}]},"22":{"line":292,"type":"binary-expr","locations":[{"start":{"line":292,"column":12},"end":{"line":292,"column":50},"skip":true},{"start":{"line":293,"column":12},"end":{"line":293,"column":53},"skip":true}]},"23":{"line":297,"type":"binary-expr","locations":[{"start":{"line":297,"column":12},"end":{"line":297,"column":72},"skip":true},{"start":{"line":298,"column":12},"end":{"line":301,"column":36},"skip":true}]},"24":{"line":303,"type":"binary-expr","locations":[{"start":{"line":303,"column":43},"end":{"line":303,"column":75},"skip":true},{"start":{"line":303,"column":79},"end":{"line":303,"column":81},"skip":true}]},"25":{"line":306,"type":"if","locations":[{"start":{"line":306,"column":8},"end":{"line":306,"column":8},"skip":true},{"start":{"line":306,"column":8},"end":{"line":306,"column":8},"skip":true}]},"26":{"line":310,"type":"if","locations":[{"start":{"line":310,"column":8},"end":{"line":310,"column":8},"skip":true},{"start":{"line":310,"column":8},"end":{"line":310,"column":8},"skip":true}]},"27":{"line":313,"type":"binary-expr","locations":[{"start":{"line":313,"column":27},"end":{"line":313,"column":43},"skip":true},{"start":{"line":313,"column":47},"end":{"line":313,"column":53},"skip":true}]},"28":{"line":317,"type":"if","locations":[{"start":{"line":317,"column":12},"end":{"line":317,"column":12},"skip":true},{"start":{"line":317,"column":12},"end":{"line":317,"column":12},"skip":true}]}},"code":["/*","example.js","","quickstart example","","instruction","    1. save this script as example.js","    2. run the shell command:","        $ npm install npmtest-threads_a_gogo && PORT=8081 node example.js","    3. play with the browser-demo on http://127.0.0.1:8081","*/","","","","/* istanbul instrument in package npmtest_threads_a_gogo */","/*jslint","    bitwise: true,","    browser: true,","    maxerr: 8,","    maxlen: 96,","    node: true,","    nomen: true,","    regexp: true,","    stupid: true","*/","(function () {","    'use strict';","    var local;","","","","    // run shared js-env code - init-before","    (function () {","        // init local","        local = {};","        // init modeJs","        local.modeJs = (function () {","            try {","                return typeof navigator.userAgent === 'string' &&","                    typeof document.querySelector('body') === 'object' &&","                    typeof XMLHttpRequest.prototype.open === 'function' &&","                    'browser';","            } catch (errorCaughtBrowser) {","                return module.exports &&","                    typeof process.versions.node === 'string' &&","                    typeof require('http').createServer === 'function' &&","                    'node';","            }","        }());","        // init global","        local.global = local.modeJs === 'browser'","            ? window","            : global;","        // init utility2_rollup","        local = local.global.utility2_rollup || (local.modeJs === 'browser'","            ? local.global.utility2_npmtest_threads_a_gogo","            : global.utility2_moduleExports);","        // export local","        local.global.local = local;","    }());","    switch (local.modeJs) {","","","","    // init-after","    // run browser js-env code - init-after","    /* istanbul ignore next */","    case 'browser':","        local.testRunBrowser = function (event) {","            if (!event || (event &&","                    event.currentTarget &&","                    event.currentTarget.className &&","                    event.currentTarget.className.includes &&","                    event.currentTarget.className.includes('onreset'))) {","                // reset output","                Array.from(","                    document.querySelectorAll('body > .resettable')","                ).forEach(function (element) {","                    switch (element.tagName) {","                    case 'INPUT':","                    case 'TEXTAREA':","                        element.value = '';","                        break;","                    default:","                        element.textContent = '';","                    }","                });","            }","            switch (event && event.currentTarget && event.currentTarget.id) {","            case 'testRunButton1':","                // show tests","                if (document.querySelector('#testReportDiv1').style.display === 'none') {","                    document.querySelector('#testReportDiv1').style.display = 'block';","                    document.querySelector('#testRunButton1').textContent =","                        'hide internal test';","                    local.modeTest = true;","                    local.testRunDefault(local);","                // hide tests","                } else {","                    document.querySelector('#testReportDiv1').style.display = 'none';","                    document.querySelector('#testRunButton1').textContent = 'run internal test';","                }","                break;","            // custom-case","            default:","                break;","            }","            if (document.querySelector('#inputTextareaEval1') && (!event || (event &&","                    event.currentTarget &&","                    event.currentTarget.className &&","                    event.currentTarget.className.includes &&","                    event.currentTarget.className.includes('oneval')))) {","                // try to eval input-code","                try {","                    /*jslint evil: true*/","                    eval(document.querySelector('#inputTextareaEval1').value);","                } catch (errorCaught) {","                    console.error(errorCaught);","                }","            }","        };","        // log stderr and stdout to #outputTextareaStdout1","        ['error', 'log'].forEach(function (key) {","            console[key + '_original'] = console[key];","            console[key] = function () {","                var element;","                console[key + '_original'].apply(console, arguments);","                element = document.querySelector('#outputTextareaStdout1');","                if (!element) {","                    return;","                }","                // append text to #outputTextareaStdout1","                element.value += Array.from(arguments).map(function (arg) {","                    return typeof arg === 'string'","                        ? arg","                        : JSON.stringify(arg, null, 4);","                }).join(' ') + '\\n';","                // scroll textarea to bottom","                element.scrollTop = element.scrollHeight;","            };","        });","        // init event-handling","        ['change', 'click', 'keyup'].forEach(function (event) {","            Array.from(document.querySelectorAll('.on' + event)).forEach(function (element) {","                element.addEventListener(event, local.testRunBrowser);","            });","        });","        // run tests","        local.testRunBrowser();","        break;","","","","    // run node js-env code - init-after","    /* istanbul ignore next */","    case 'node':","        // export local","        module.exports = local;","        // require modules","        local.fs = require('fs');","        local.http = require('http');","        local.url = require('url');","        // init assets","        local.assetsDict = local.assetsDict || {};","        /* jslint-ignore-begin */","        local.assetsDict['/assets.index.template.html'] = '\\","<!doctype html>\\n\\","<html lang=\"en\">\\n\\","<head>\\n\\","<meta charset=\"UTF-8\">\\n\\","<meta name=\"viewport\" content=\"width=device-width, initial-scale=1\">\\n\\","<title>{{env.npm_package_name}} (v{{env.npm_package_version}})</title>\\n\\","<style>\\n\\","/*csslint\\n\\","    box-sizing: false,\\n\\","    universal-selector: false\\n\\","*/\\n\\","* {\\n\\","    box-sizing: border-box;\\n\\","}\\n\\","body {\\n\\","    background: #dde;\\n\\","    font-family: Arial, Helvetica, sans-serif;\\n\\","    margin: 2rem;\\n\\","}\\n\\","body > * {\\n\\","    margin-bottom: 1rem;\\n\\","}\\n\\",".utility2FooterDiv {\\n\\","    margin-top: 20px;\\n\\","    text-align: center;\\n\\","}\\n\\","</style>\\n\\","<style>\\n\\","/*csslint\\n\\","*/\\n\\","textarea {\\n\\","    font-family: monospace;\\n\\","    height: 10rem;\\n\\","    width: 100%;\\n\\","}\\n\\","textarea[readonly] {\\n\\","    background: #ddd;\\n\\","}\\n\\","</style>\\n\\","</head>\\n\\","<body>\\n\\","<!-- utility2-comment\\n\\","<div id=\"ajaxProgressDiv1\" style=\"background: #d00; height: 2px; left: 0; margin: 0; padding: 0; position: fixed; top: 0; transition: background 0.5s, width 1.5s; width: 25%;\"></div>\\n\\","utility2-comment -->\\n\\","<h1>\\n\\","<!-- utility2-comment\\n\\","    <a\\n\\","        {{#if env.npm_package_homepage}}\\n\\","        href=\"{{env.npm_package_homepage}}\"\\n\\","        {{/if env.npm_package_homepage}}\\n\\","        target=\"_blank\"\\n\\","    >\\n\\","utility2-comment -->\\n\\","        {{env.npm_package_name}} (v{{env.npm_package_version}})\\n\\","<!-- utility2-comment\\n\\","    </a>\\n\\","utility2-comment -->\\n\\","</h1>\\n\\","<h3>{{env.npm_package_description}}</h3>\\n\\","<!-- utility2-comment\\n\\","<h4><a download href=\"assets.app.js\">download standalone app</a></h4>\\n\\","<button class=\"onclick onreset\" id=\"testRunButton1\">run internal test</button><br>\\n\\","<div id=\"testReportDiv1\" style=\"display: none;\"></div>\\n\\","utility2-comment -->\\n\\","\\n\\","\\n\\","\\n\\","<label>stderr and stdout</label>\\n\\","<textarea class=\"resettable\" id=\"outputTextareaStdout1\" readonly></textarea>\\n\\","<!-- utility2-comment\\n\\","{{#if isRollup}}\\n\\","<script src=\"assets.app.js\"></script>\\n\\","{{#unless isRollup}}\\n\\","utility2-comment -->\\n\\","<script src=\"assets.utility2.rollup.js\"></script>\\n\\","<script src=\"jsonp.utility2._stateInit?callback=window.utility2._stateInit\"></script>\\n\\","<script src=\"assets.npmtest_threads_a_gogo.rollup.js\"></script>\\n\\","<script src=\"assets.example.js\"></script>\\n\\","<script src=\"assets.test.js\"></script>\\n\\","<!-- utility2-comment\\n\\","{{/if isRollup}}\\n\\","utility2-comment -->\\n\\","<div class=\"utility2FooterDiv\">\\n\\","    [ this app was created with\\n\\","    <a href=\"https://github.com/kaizhu256/node-utility2\" target=\"_blank\">utility2</a>\\n\\","    ]\\n\\","</div>\\n\\","</body>\\n\\","</html>\\n\\","';","        /* jslint-ignore-end */","        if (local.templateRender) {","            local.assetsDict['/'] = local.templateRender(","                local.assetsDict['/assets.index.template.html'],","                {","                    env: local.objectSetDefault(local.env, {","                        npm_package_description: 'the greatest app in the world!',","                        npm_package_name: 'my-app',","                        npm_package_nameAlias: 'my_app',","                        npm_package_version: '0.0.1'","                    })","                }","            );","        } else {","            local.assetsDict['/'] = local.assetsDict['/assets.index.template.html']","                .replace((/\\{\\{env\\.(\\w+?)\\}\\}/g), function (match0, match1) {","                    // jslint-hack","                    String(match0);","                    switch (match1) {","                    case 'npm_package_description':","                        return 'the greatest app in the world!';","                    case 'npm_package_name':","                        return 'my-app';","                    case 'npm_package_nameAlias':","                        return 'my_app';","                    case 'npm_package_version':","                        return '0.0.1';","                    }","                });","        }","        // run the cli","        if (local.global.utility2_rollup || module !== require.main) {","            break;","        }","        local.assetsDict['/assets.example.js'] =","            local.assetsDict['/assets.example.js'] ||","            local.fs.readFileSync(__filename, 'utf8');","        // bug-workaround - long $npm_package_buildCustomOrg","        /* jslint-ignore-begin */","        local.assetsDict['/assets.npmtest_threads_a_gogo.rollup.js'] =","            local.assetsDict['/assets.npmtest_threads_a_gogo.rollup.js'] ||","            local.fs.readFileSync(","                local.npmtest_threads_a_gogo.__dirname + '/lib.npmtest_threads_a_gogo.js',","                'utf8'","            ).replace((/^#!/), '//');","        /* jslint-ignore-end */","        local.assetsDict['/favicon.ico'] = local.assetsDict['/favicon.ico'] || '';","        // if $npm_config_timeout_exit exists,","        // then exit this process after $npm_config_timeout_exit ms","        if (Number(process.env.npm_config_timeout_exit)) {","            setTimeout(process.exit, Number(process.env.npm_config_timeout_exit));","        }","        // start server","        if (local.global.utility2_serverHttp1) {","            break;","        }","        process.env.PORT = process.env.PORT || '8081';","        console.error('server starting on port ' + process.env.PORT);","        local.http.createServer(function (request, response) {","            request.urlParsed = local.url.parse(request.url);","            if (local.assetsDict[request.urlParsed.pathname] !== undefined) {","                response.end(local.assetsDict[request.urlParsed.pathname]);","                return;","            }","            response.statusCode = 404;","            response.end();","        }).listen(process.env.PORT);","        break;","    }","}());",""],"l":{"26":2,"28":2,"33":2,"35":2,"37":2,"38":2,"39":2,"44":1,"51":2,"55":2,"59":2,"61":2,"69":1,"70":2,"76":2,"79":2,"82":2,"83":2,"85":1,"89":2,"92":1,"93":1,"94":1,"96":1,"97":1,"100":1,"101":1,"103":1,"106":1,"108":2,"114":1,"116":1,"118":1,"123":1,"124":2,"125":2,"126":3,"127":3,"128":3,"129":3,"130":1,"133":3,"134":3,"139":3,"143":1,"144":3,"145":1,"149":1,"150":1,"158":1,"160":1,"161":1,"162":1,"164":1,"166":1,"258":1,"259":1,"271":1,"274":6,"275":6,"277":1,"279":2,"281":1,"283":2,"288":1,"289":1,"291":1,"296":1,"303":1,"306":1,"307":1,"310":1,"311":1,"313":1,"314":1,"315":1,"316":1,"317":1,"318":1,"319":1,"321":1,"322":1,"324":1}},"/home/travis/build/npmtest/node-npmtest-threads_a_gogo/node_modules/threads_a_gogo/benchmark/b00_fibonacci_server_no_threads.js":{"path":"/home/travis/build/npmtest/node-npmtest-threads_a_gogo/node_modules/threads_a_gogo/benchmark/b00_fibonacci_server_no_threads.js","s":{"1":1,"2":0,"3":1,"4":1,"5":1,"6":0,"7":0,"8":0,"9":0,"10":0,"11":0,"12":1,"13":1,"14":1,"15":1,"16":1},"b":{"1":[0,0],"2":[0,0],"3":[1,1]},"f":{"1":0,"2":0},"fnMap":{"1":{"name":"fib","line":3,"loc":{"start":{"line":3,"column":0},"end":{"line":3,"column":17}}},"2":{"name":"ƒ","line":9,"loc":{"start":{"line":9,"column":0},"end":{"line":9,"column":22}}}},"statementMap":{"1":{"start":{"line":3,"column":0},"end":{"line":5,"column":1}},"2":{"start":{"line":4,"column":2},"end":{"line":4,"column":42}},"3":{"start":{"line":7,"column":0},"end":{"line":7,"column":9}},"4":{"start":{"line":8,"column":0},"end":{"line":8,"column":10}},"5":{"start":{"line":9,"column":0},"end":{"line":19,"column":1}},"6":{"start":{"line":10,"column":2},"end":{"line":18,"column":3}},"7":{"start":{"line":11,"column":4},"end":{"line":11,"column":22}},"8":{"start":{"line":12,"column":4},"end":{"line":12,"column":35}},"9":{"start":{"line":15,"column":4},"end":{"line":15,"column":25}},"10":{"start":{"line":16,"column":4},"end":{"line":16,"column":17}},"11":{"start":{"line":17,"column":4},"end":{"line":17,"column":30}},"12":{"start":{"line":22,"column":0},"end":{"line":22,"column":35}},"13":{"start":{"line":23,"column":0},"end":{"line":23,"column":26}},"14":{"start":{"line":24,"column":0},"end":{"line":24,"column":39}},"15":{"start":{"line":25,"column":0},"end":{"line":25,"column":34}},"16":{"start":{"line":26,"column":0},"end":{"line":26,"column":67}}},"branchMap":{"1":{"line":4,"type":"cond-expr","locations":[{"start":{"line":4,"column":19},"end":{"line":4,"column":20}},{"start":{"line":4,"column":23},"end":{"line":4,"column":41}}]},"2":{"line":10,"type":"if","locations":[{"start":{"line":10,"column":2},"end":{"line":10,"column":2}},{"start":{"line":10,"column":2},"end":{"line":10,"column":2}}]},"3":{"line":22,"type":"binary-expr","locations":[{"start":{"line":22,"column":10},"end":{"line":22,"column":26}},{"start":{"line":22,"column":30},"end":{"line":22,"column":34}}]}},"code":["","","function fib (n) {","  return (n < 2) ? 1 : fib(n-2)+ fib(n-1);","}","","var i= 0;","var n= 35;","function ƒ (req, res) {","  if ((++i) % 10) {","    res.end(\" QUICK\");","    process.stdout.write(\" QUICK\");","  }","  else {","    var txt= ' '+ fib(n);","    res.end(txt);","    process.stdout.write(txt);","  }","}","","","var port= +process.argv[2] || 1234;","var http= require('http');","http.globalAgent.maxSockets= 8192+2048;","http.createServer(ƒ).listen(port);","console.log('Fibonacci server (NO THREADS) running @port: '+ port);","",""],"l":{"3":1,"4":0,"7":1,"8":1,"9":1,"10":0,"11":0,"12":0,"15":0,"16":0,"17":0,"22":1,"23":1,"24":1,"25":1,"26":1}},"/home/travis/build/npmtest/node-npmtest-threads_a_gogo/node_modules/threads_a_gogo/benchmark/b01_fibonacci_server_threads.js":{"path":"/home/travis/build/npmtest/node-npmtest-threads_a_gogo/node_modules/threads_a_gogo/benchmark/b01_fibonacci_server_threads.js","s":{"1":1,"2":0,"3":1,"4":1,"5":1,"6":1,"7":1,"8":1,"9":1,"10":1,"11":1,"12":1,"13":0,"14":0,"15":0,"16":0,"17":0,"18":0,"19":0,"20":0,"21":0,"22":0,"23":1,"24":1,"25":1,"26":1,"27":1},"b":{"1":[0,0],"2":[1,1],"3":[0,0],"4":[0,0],"5":[1,1]},"f":{"1":0,"2":0,"3":0},"fnMap":{"1":{"name":"fib","line":3,"loc":{"start":{"line":3,"column":0},"end":{"line":3,"column":17}}},"2":{"name":"ƒ","line":20,"loc":{"start":{"line":20,"column":0},"end":{"line":20,"column":22}}},"3":{"name":"cb","line":27,"loc":{"start":{"line":27,"column":46},"end":{"line":27,"column":70}}}},"statementMap":{"1":{"start":{"line":3,"column":0},"end":{"line":5,"column":1}},"2":{"start":{"line":4,"column":2},"end":{"line":4,"column":42}},"3":{"start":{"line":8,"column":0},"end":{"line":8,"column":38}},"4":{"start":{"line":9,"column":0},"end":{"line":9,"column":46}},"5":{"start":{"line":11,"column":0},"end":{"line":11,"column":16}},"6":{"start":{"line":12,"column":0},"end":{"line":12,"column":19}},"7":{"start":{"line":13,"column":0},"end":{"line":13,"column":33}},"8":{"start":{"line":14,"column":0},"end":{"line":16,"column":1}},"9":{"start":{"line":15,"column":2},"end":{"line":15,"column":37}},"10":{"start":{"line":18,"column":0},"end":{"line":18,"column":9}},"11":{"start":{"line":19,"column":0},"end":{"line":19,"column":10}},"12":{"start":{"line":20,"column":0},"end":{"line":34,"column":1}},"13":{"start":{"line":21,"column":2},"end":{"line":33,"column":3}},"14":{"start":{"line":22,"column":4},"end":{"line":22,"column":22}},"15":{"start":{"line":23,"column":4},"end":{"line":23,"column":35}},"16":{"start":{"line":26,"column":4},"end":{"line":26,"column":50}},"17":{"start":{"line":27,"column":4},"end":{"line":32,"column":7}},"18":{"start":{"line":28,"column":6},"end":{"line":28,"column":25}},"19":{"start":{"line":28,"column":15},"end":{"line":28,"column":25}},"20":{"start":{"line":29,"column":6},"end":{"line":29,"column":25}},"21":{"start":{"line":30,"column":6},"end":{"line":30,"column":19}},"22":{"start":{"line":31,"column":6},"end":{"line":31,"column":32}},"23":{"start":{"line":37,"column":0},"end":{"line":37,"column":35}},"24":{"start":{"line":38,"column":0},"end":{"line":38,"column":26}},"25":{"start":{"line":39,"column":0},"end":{"line":39,"column":39}},"26":{"start":{"line":40,"column":0},"end":{"line":40,"column":34}},"27":{"start":{"line":41,"column":0},"end":{"line":41,"column":69}}},"branchMap":{"1":{"line":4,"type":"cond-expr","locations":[{"start":{"line":4,"column":19},"end":{"line":4,"column":20}},{"start":{"line":4,"column":23},"end":{"line":4,"column":41}}]},"2":{"line":8,"type":"binary-expr","locations":[{"start":{"line":8,"column":16},"end":{"line":8,"column":32}},{"start":{"line":8,"column":36},"end":{"line":8,"column":37}}]},"3":{"line":21,"type":"if","locations":[{"start":{"line":21,"column":2},"end":{"line":21,"column":2}},{"start":{"line":21,"column":2},"end":{"line":21,"column":2}}]},"4":{"line":28,"type":"if","locations":[{"start":{"line":28,"column":6},"end":{"line":28,"column":6}},{"start":{"line":28,"column":6},"end":{"line":28,"column":6}}]},"5":{"line":37,"type":"binary-expr","locations":[{"start":{"line":37,"column":10},"end":{"line":37,"column":26}},{"start":{"line":37,"column":30},"end":{"line":37,"column":34}}]}},"code":["","","function fib (n) {","  return (n < 2) ? 1 : fib(n-2)+ fib(n-1);","}","","//We're going to use n threads","var numThreads= +process.argv[3] || 1;","console.log(\"Using \"+ numThreads+ \" threads\");","","var threads= [];","var round_robin= 0;","var t= require('threads_a_gogo');","while (numThreads--) {","  threads.push(t.create().eval(fib));","}","","var i= 0;","var n= 35;","function ƒ (req, res) {","  if ((++i) % 10) {","    res.end(\" QUICK\");","    process.stdout.write(\" QUICK\");","  }","  else {","    round_robin= (++round_robin) % threads.length;","    threads[round_robin].eval('fib('+ n+ ')', function cb (err, data) {","      if (err) throw err;","      var txt= ' '+ data;","      res.end(txt);","      process.stdout.write(txt);","    });","  }","}","","","var port= +process.argv[2] || 1234;","var http= require('http');","http.globalAgent.maxSockets= 8192+2048;","http.createServer(ƒ).listen(port);","console.log('Fibonacci server (WITH THREADS) running @port: '+ port);","",""],"l":{"3":1,"4":0,"8":1,"9":1,"11":1,"12":1,"13":1,"14":1,"15":1,"18":1,"19":1,"20":1,"21":0,"22":0,"23":0,"26":0,"27":0,"28":0,"29":0,"30":0,"31":0,"37":1,"38":1,"39":1,"40":1,"41":1}},"/home/travis/build/npmtest/node-npmtest-threads_a_gogo/node_modules/threads_a_gogo/benchmark/b02_fibonacci_server_threads_pool.js":{"path":"/home/travis/build/npmtest/node-npmtest-threads_a_gogo/node_modules/threads_a_gogo/benchmark/b02_fibonacci_server_threads_pool.js","s":{"1":1,"2":0,"3":1,"4":1,"5":1,"6":1,"7":1,"8":1,"9":0,"10":0,"11":0,"12":0,"13":0,"14":0,"15":0,"16":0,"17":0,"18":1,"19":1,"20":1,"21":1,"22":1},"b":{"1":[0,0],"2":[1,1],"3":[0,0],"4":[0,0],"5":[1,1]},"f":{"1":0,"2":0,"3":0},"fnMap":{"1":{"name":"fib","line":3,"loc":{"start":{"line":3,"column":0},"end":{"line":3,"column":17}}},"2":{"name":"ƒ","line":15,"loc":{"start":{"line":15,"column":0},"end":{"line":15,"column":22}}},"3":{"name":"cb","line":21,"loc":{"start":{"line":21,"column":34},"end":{"line":21,"column":58}}}},"statementMap":{"1":{"start":{"line":3,"column":0},"end":{"line":5,"column":1}},"2":{"start":{"line":4,"column":2},"end":{"line":4,"column":42}},"3":{"start":{"line":8,"column":0},"end":{"line":8,"column":38}},"4":{"start":{"line":9,"column":0},"end":{"line":9,"column":56}},"5":{"start":{"line":11,"column":0},"end":{"line":11,"column":73}},"6":{"start":{"line":13,"column":0},"end":{"line":13,"column":9}},"7":{"start":{"line":14,"column":0},"end":{"line":14,"column":10}},"8":{"start":{"line":15,"column":0},"end":{"line":28,"column":1}},"9":{"start":{"line":16,"column":2},"end":{"line":27,"column":3}},"10":{"start":{"line":17,"column":4},"end":{"line":17,"column":22}},"11":{"start":{"line":18,"column":4},"end":{"line":18,"column":35}},"12":{"start":{"line":21,"column":4},"end":{"line":26,"column":7}},"13":{"start":{"line":22,"column":6},"end":{"line":22,"column":25}},"14":{"start":{"line":22,"column":15},"end":{"line":22,"column":25}},"15":{"start":{"line":23,"column":6},"end":{"line":23,"column":25}},"16":{"start":{"line":24,"column":6},"end":{"line":24,"column":19}},"17":{"start":{"line":25,"column":6},"end":{"line":25,"column":32}},"18":{"start":{"line":31,"column":0},"end":{"line":31,"column":35}},"19":{"start":{"line":32,"column":0},"end":{"line":32,"column":26}},"20":{"start":{"line":33,"column":0},"end":{"line":33,"column":39}},"21":{"start":{"line":34,"column":0},"end":{"line":34,"column":34}},"22":{"start":{"line":35,"column":0},"end":{"line":35,"column":75}}},"branchMap":{"1":{"line":4,"type":"cond-expr","locations":[{"start":{"line":4,"column":19},"end":{"line":4,"column":20}},{"start":{"line":4,"column":23},"end":{"line":4,"column":41}}]},"2":{"line":8,"type":"binary-expr","locations":[{"start":{"line":8,"column":16},"end":{"line":8,"column":32}},{"start":{"line":8,"column":36},"end":{"line":8,"column":37}}]},"3":{"line":16,"type":"if","locations":[{"start":{"line":16,"column":2},"end":{"line":16,"column":2}},{"start":{"line":16,"column":2},"end":{"line":16,"column":2}}]},"4":{"line":22,"type":"if","locations":[{"start":{"line":22,"column":6},"end":{"line":22,"column":6}},{"start":{"line":22,"column":6},"end":{"line":22,"column":6}}]},"5":{"line":31,"type":"binary-expr","locations":[{"start":{"line":31,"column":10},"end":{"line":31,"column":26}},{"start":{"line":31,"column":30},"end":{"line":31,"column":34}}]}},"code":["","","function fib (n) {","  return (n < 2) ? 1 : fib(n-2)+ fib(n-1);","}","","//We're going to use n threads","var numThreads= +process.argv[3] || 1;","console.log(\"Using a POOL of \"+ numThreads+ \" threads\");","","var pool= require('threads_a_gogo').createPool(numThreads).all.eval(fib);","","var i= 0;","var n= 35;","function ƒ (req, res) {","  if ((++i) % 10) {","    res.end(\" QUICK\");","    process.stdout.write(\" QUICK\");","  }","  else {","    pool.any.eval('fib('+ n+ ')', function cb (err, data) {","      if (err) throw err;","      var txt= ' '+ data;","      res.end(txt);","      process.stdout.write(txt);","    });","  }","}","","","var port= +process.argv[2] || 1234;","var http= require('http');","http.globalAgent.maxSockets= 8192+2048;","http.createServer(ƒ).listen(port);","console.log('Fibonacci server (WITH A THREAD POOL) running @port: '+ port);","",""],"l":{"3":1,"4":0,"8":1,"9":1,"11":1,"13":1,"14":1,"15":1,"16":0,"17":0,"18":0,"21":0,"22":0,"23":0,"24":0,"25":0,"31":1,"32":1,"33":1,"34":1,"35":1}},"/home/travis/build/npmtest/node-npmtest-threads_a_gogo/node_modules/threads_a_gogo/benchmark/b03_fibonacci_server_clustered.js":{"path":"/home/travis/build/npmtest/node-npmtest-threads_a_gogo/node_modules/threads_a_gogo/benchmark/b03_fibonacci_server_clustered.js","s":{"1":1,"2":0,"3":1,"4":1,"5":1,"6":0,"7":0,"8":0,"9":0,"10":0,"11":0,"12":1,"13":1,"14":1,"15":1,"16":1,"17":1,"18":1,"19":0,"20":0,"21":0,"22":0,"23":0,"24":0},"b":{"1":[0,0],"2":[0,0],"3":[1,0],"4":[1,1],"5":[0,0]},"f":{"1":0,"2":0,"3":0},"fnMap":{"1":{"name":"fib","line":3,"loc":{"start":{"line":3,"column":0},"end":{"line":3,"column":17}}},"2":{"name":"ƒ","line":9,"loc":{"start":{"line":9,"column":0},"end":{"line":9,"column":22}}},"3":{"name":"(anonymous_3)","line":29,"loc":{"start":{"line":29,"column":22},"end":{"line":29,"column":39}}}},"statementMap":{"1":{"start":{"line":3,"column":0},"end":{"line":5,"column":1}},"2":{"start":{"line":4,"column":2},"end":{"line":4,"column":42}},"3":{"start":{"line":7,"column":0},"end":{"line":7,"column":9}},"4":{"start":{"line":8,"column":0},"end":{"line":8,"column":10}},"5":{"start":{"line":9,"column":0},"end":{"line":19,"column":1}},"6":{"start":{"line":10,"column":2},"end":{"line":18,"column":3}},"7":{"start":{"line":11,"column":4},"end":{"line":11,"column":22}},"8":{"start":{"line":12,"column":4},"end":{"line":12,"column":35}},"9":{"start":{"line":15,"column":4},"end":{"line":15,"column":25}},"10":{"start":{"line":16,"column":4},"end":{"line":16,"column":17}},"11":{"start":{"line":17,"column":4},"end":{"line":17,"column":30}},"12":{"start":{"line":21,"column":0},"end":{"line":21,"column":33}},"13":{"start":{"line":22,"column":0},"end":{"line":38,"column":1}},"14":{"start":{"line":23,"column":2},"end":{"line":23,"column":52}},"15":{"start":{"line":24,"column":2},"end":{"line":24,"column":37}},"16":{"start":{"line":25,"column":2},"end":{"line":27,"column":3}},"17":{"start":{"line":26,"column":4},"end":{"line":26,"column":19}},"18":{"start":{"line":29,"column":2},"end":{"line":31,"column":5}},"19":{"start":{"line":30,"column":4},"end":{"line":30,"column":50}},"20":{"start":{"line":33,"column":2},"end":{"line":33,"column":38}},"21":{"start":{"line":34,"column":2},"end":{"line":34,"column":28}},"22":{"start":{"line":35,"column":2},"end":{"line":35,"column":41}},"23":{"start":{"line":36,"column":2},"end":{"line":36,"column":36}},"24":{"start":{"line":37,"column":2},"end":{"line":37,"column":65}}},"branchMap":{"1":{"line":4,"type":"cond-expr","locations":[{"start":{"line":4,"column":19},"end":{"line":4,"column":20}},{"start":{"line":4,"column":23},"end":{"line":4,"column":41}}]},"2":{"line":10,"type":"if","locations":[{"start":{"line":10,"column":2},"end":{"line":10,"column":2}},{"start":{"line":10,"column":2},"end":{"line":10,"column":2}}]},"3":{"line":22,"type":"if","locations":[{"start":{"line":22,"column":0},"end":{"line":22,"column":0}},{"start":{"line":22,"column":0},"end":{"line":22,"column":0}}]},"4":{"line":24,"type":"binary-expr","locations":[{"start":{"line":24,"column":16},"end":{"line":24,"column":31}},{"start":{"line":24,"column":35},"end":{"line":24,"column":36}}]},"5":{"line":33,"type":"binary-expr","locations":[{"start":{"line":33,"column":12},"end":{"line":33,"column":29}},{"start":{"line":33,"column":33},"end":{"line":33,"column":37}}]}},"code":["","","function fib (n) {","  return (n < 2) ? 1 : fib(n-2)+ fib(n-1);","}","","var i= 0;","var n= 35;","function ƒ (req, res) {","  if ((++i) % 10) {","    res.end(\" QUICK\");","    process.stdout.write(\" QUICK\");","  }","  else {","    var txt= ' '+ fib(n);","    res.end(txt);","    process.stdout.write(txt);","  }","}","","var cluster = require('cluster');","if (cluster.isMaster) {","  require('http').globalAgent.maxSockets= 8192+2048;","  var numCPUs = process.argv[3] || 1;","  for (var i = 0; i < numCPUs; i++) {","    cluster.fork();","  }","","  cluster.on('death', function(worker) {","    console.log('worker ' + worker.pid + ' died');","  });","} else {","  var port= + process.argv[2] || 1234;","  var http= require('http');","  http.globalAgent.maxSockets= 8192+2048;","  http.createServer(ƒ).listen(port);","  console.log('Fibonacci server (CLUSTERED) listening: ' + port);","}","",""],"l":{"3":1,"4":0,"7":1,"8":1,"9":1,"10":0,"11":0,"12":0,"15":0,"16":0,"17":0,"21":1,"22":1,"23":1,"24":1,"25":1,"26":1,"29":1,"30":0,"33":0,"34":0,"35":0,"36":0,"37":0}},"/home/travis/build/npmtest/node-npmtest-threads_a_gogo/node_modules/threads_a_gogo/benchmark/b04_only_quick.js":{"path":"/home/travis/build/npmtest/node-npmtest-threads_a_gogo/node_modules/threads_a_gogo/benchmark/b04_only_quick.js","s":{"1":1,"2":0,"3":0,"4":1,"5":1,"6":1,"7":1,"8":1},"b":{"1":[1,1]},"f":{"1":0},"fnMap":{"1":{"name":"ƒ","line":3,"loc":{"start":{"line":3,"column":0},"end":{"line":3,"column":22}}}},"statementMap":{"1":{"start":{"line":3,"column":0},"end":{"line":6,"column":1}},"2":{"start":{"line":4,"column":2},"end":{"line":4,"column":20}},"3":{"start":{"line":5,"column":2},"end":{"line":5,"column":33}},"4":{"start":{"line":9,"column":0},"end":{"line":9,"column":35}},"5":{"start":{"line":10,"column":0},"end":{"line":10,"column":26}},"6":{"start":{"line":11,"column":0},"end":{"line":11,"column":39}},"7":{"start":{"line":12,"column":0},"end":{"line":12,"column":34}},"8":{"start":{"line":13,"column":0},"end":{"line":13,"column":67}}},"branchMap":{"1":{"line":9,"type":"binary-expr","locations":[{"start":{"line":9,"column":10},"end":{"line":9,"column":26}},{"start":{"line":9,"column":30},"end":{"line":9,"column":34}}]}},"code":["","","function ƒ (req, res) {","  res.end(\" QUICK\");","  process.stdout.write(\" QUICK\");","}","","","var port= +process.argv[2] || 1234;","var http= require('http');","http.globalAgent.maxSockets= 8192+2048;","http.createServer(ƒ).listen(port);","console.log('Fibonacci server (NO THREADS) running @port: '+ port);","",""],"l":{"3":1,"4":0,"5":0,"9":1,"10":1,"11":1,"12":1,"13":1}},"/home/travis/build/npmtest/node-npmtest-threads_a_gogo/node_modules/threads_a_gogo/benchmark/pi.js":{"path":"/home/travis/build/npmtest/node-npmtest-threads_a_gogo/node_modules/threads_a_gogo/benchmark/pi.js","s":{"1":1,"2":1,"3":1,"4":1,"5":1,"6":1,"7":0,"8":0,"9":0,"10":0,"11":0,"12":0,"13":0,"14":0,"15":0,"16":0,"17":0,"18":0,"19":1,"20":1,"21":1,"22":1,"23":1,"24":1,"25":1,"26":0,"27":0,"28":0,"29":0,"30":0},"b":{"1":[0,0],"2":[1,1]},"f":{"1":1,"2":0,"3":0},"fnMap":{"1":{"name":"cb","line":6,"loc":{"start":{"line":6,"column":0},"end":{"line":6,"column":23}}},"2":{"name":"pi","line":12,"loc":{"start":{"line":12,"column":0},"end":{"line":12,"column":15}}},"3":{"name":"(anonymous_3)","line":44,"loc":{"start":{"line":44,"column":19},"end":{"line":44,"column":31}}}},"statementMap":{"1":{"start":{"line":3,"column":0},"end":{"line":3,"column":39}},"2":{"start":{"line":6,"column":0},"end":{"line":10,"column":1}},"3":{"start":{"line":7,"column":2},"end":{"line":7,"column":17}},"4":{"start":{"line":8,"column":2},"end":{"line":8,"column":6}},"5":{"start":{"line":9,"column":2},"end":{"line":9,"column":52}},"6":{"start":{"line":12,"column":0},"end":{"line":30,"column":1}},"7":{"start":{"line":13,"column":2},"end":{"line":13,"column":11}},"8":{"start":{"line":14,"column":2},"end":{"line":14,"column":13}},"9":{"start":{"line":15,"column":2},"end":{"line":15,"column":13}},"10":{"start":{"line":16,"column":2},"end":{"line":16,"column":17}},"11":{"start":{"line":18,"column":2},"end":{"line":28,"column":3}},"12":{"start":{"line":19,"column":4},"end":{"line":26,"column":5}},"13":{"start":{"line":20,"column":6},"end":{"line":20,"column":18}},"14":{"start":{"line":21,"column":6},"end":{"line":21,"column":18}},"15":{"start":{"line":24,"column":6},"end":{"line":24,"column":18}},"16":{"start":{"line":25,"column":6},"end":{"line":25,"column":17}},"17":{"start":{"line":27,"column":4},"end":{"line":27,"column":12}},"18":{"start":{"line":29,"column":2},"end":{"line":29,"column":11}},"19":{"start":{"line":33,"column":0},"end":{"line":33,"column":29}},"20":{"start":{"line":34,"column":0},"end":{"line":34,"column":37}},"21":{"start":{"line":37,"column":0},"end":{"line":37,"column":18}},"22":{"start":{"line":38,"column":0},"end":{"line":40,"column":1}},"23":{"start":{"line":39,"column":2},"end":{"line":39,"column":44}},"24":{"start":{"line":43,"column":0},"end":{"line":43,"column":5}},"25":{"start":{"line":44,"column":0},"end":{"line":50,"column":3}},"26":{"start":{"line":45,"column":2},"end":{"line":45,"column":19}},"27":{"start":{"line":46,"column":2},"end":{"line":46,"column":32}},"28":{"start":{"line":47,"column":2},"end":{"line":47,"column":44}},"29":{"start":{"line":48,"column":2},"end":{"line":48,"column":46}},"30":{"start":{"line":49,"column":2},"end":{"line":49,"column":52}}},"branchMap":{"1":{"line":19,"type":"if","locations":[{"start":{"line":19,"column":4},"end":{"line":19,"column":4}},{"start":{"line":19,"column":4},"end":{"line":19,"column":4}}]},"2":{"line":33,"type":"binary-expr","locations":[{"start":{"line":33,"column":7},"end":{"line":33,"column":23}},{"start":{"line":33,"column":27},"end":{"line":33,"column":28}}]}},"code":["","","var Threads= require('threads_a_gogo');","","","function cb (err, msg) {","  this.destroy();","  ++i;","  process.stdout.write('\\n'+ msg + ' -> '+ this.id);","}","","function pi () {","  var π= 0;","  var num= 4;","  var den= 1;","  var plus= true;","","  while (den < 5e7) {","    if (plus) {","      π+= num/den;","      plus= false;","    }","    else {","      π-= num/den;","      plus= true;","    }","    den+= 2;","  }","  return π;","}","","","var i= +process.argv[2] || 1;","console.log('Using '+ i+ ' threads');","","","var t= Date.now();","while (i--) {","  Threads.create().eval('('+ pi+ ')()', cb);","}","","","i= 0;","process.on('exit', function () {","  t= Date.now()- t;","  var tps= (i*1e3/t).toFixed(1);","  console.log('\\nTiempo total (ms) -> '+ t);","  console.log('Threads por segundo -> '+ tps);","  console.log('Total de threads ejecutadas -> '+ i);","});",""],"l":{"3":1,"6":1,"7":1,"8":1,"9":1,"12":1,"13":0,"14":0,"15":0,"16":0,"18":0,"19":0,"20":0,"21":0,"24":0,"25":0,"27":0,"29":0,"33":1,"34":1,"37":1,"38":1,"39":1,"43":1,"44":1,"45":0,"46":0,"47":0,"48":0,"49":0}},"/home/travis/build/npmtest/node-npmtest-threads_a_gogo/node_modules/threads_a_gogo/benchmark/pi_precompiled.js":{"path":"/home/travis/build/npmtest/node-npmtest-threads_a_gogo/node_modules/threads_a_gogo/benchmark/pi_precompiled.js","s":{"1":2,"2":1,"3":0,"4":0,"5":0,"6":1,"7":0,"8":0,"9":0,"10":0,"11":0,"12":0,"13":0,"14":0,"15":0,"16":0,"17":0,"18":0,"19":2,"20":2,"21":2,"22":0,"23":0,"24":0,"25":0,"26":0,"27":0,"28":0,"29":0,"30":0,"31":0},"b":{"1":[0,0],"2":[2,2]},"f":{"1":0,"2":0,"3":0},"fnMap":{"1":{"name":"cb","line":6,"loc":{"start":{"line":6,"column":0},"end":{"line":6,"column":23}}},"2":{"name":"pi","line":12,"loc":{"start":{"line":12,"column":0},"end":{"line":12,"column":15}}},"3":{"name":"(anonymous_3)","line":44,"loc":{"start":{"line":44,"column":19},"end":{"line":44,"column":31}}}},"statementMap":{"1":{"start":{"line":3,"column":0},"end":{"line":3,"column":39}},"2":{"start":{"line":6,"column":0},"end":{"line":10,"column":1}},"3":{"start":{"line":7,"column":2},"end":{"line":7,"column":17}},"4":{"start":{"line":8,"column":2},"end":{"line":8,"column":6}},"5":{"start":{"line":9,"column":2},"end":{"line":9,"column":52}},"6":{"start":{"line":12,"column":0},"end":{"line":30,"column":1}},"7":{"start":{"line":13,"column":2},"end":{"line":13,"column":11}},"8":{"start":{"line":14,"column":2},"end":{"line":14,"column":13}},"9":{"start":{"line":15,"column":2},"end":{"line":15,"column":13}},"10":{"start":{"line":16,"column":2},"end":{"line":16,"column":17}},"11":{"start":{"line":18,"column":2},"end":{"line":28,"column":3}},"12":{"start":{"line":19,"column":4},"end":{"line":26,"column":5}},"13":{"start":{"line":20,"column":6},"end":{"line":20,"column":18}},"14":{"start":{"line":21,"column":6},"end":{"line":21,"column":18}},"15":{"start":{"line":24,"column":6},"end":{"line":24,"column":18}},"16":{"start":{"line":25,"column":6},"end":{"line":25,"column":17}},"17":{"start":{"line":27,"column":4},"end":{"line":27,"column":12}},"18":{"start":{"line":29,"column":2},"end":{"line":29,"column":11}},"19":{"start":{"line":33,"column":0},"end":{"line":33,"column":29}},"20":{"start":{"line":34,"column":0},"end":{"line":34,"column":37}},"21":{"start":{"line":36,"column":0},"end":{"line":36,"column":52}},"22":{"start":{"line":37,"column":0},"end":{"line":37,"column":18}},"23":{"start":{"line":38,"column":0},"end":{"line":40,"column":1}},"24":{"start":{"line":39,"column":2},"end":{"line":39,"column":41}},"25":{"start":{"line":43,"column":0},"end":{"line":43,"column":5}},"26":{"start":{"line":44,"column":0},"end":{"line":50,"column":3}},"27":{"start":{"line":45,"column":2},"end":{"line":45,"column":19}},"28":{"start":{"line":46,"column":2},"end":{"line":46,"column":32}},"29":{"start":{"line":47,"column":2},"end":{"line":47,"column":44}},"30":{"start":{"line":48,"column":2},"end":{"line":48,"column":46}},"31":{"start":{"line":49,"column":2},"end":{"line":49,"column":52}}},"branchMap":{"1":{"line":19,"type":"if","locations":[{"start":{"line":19,"column":4},"end":{"line":19,"column":4}},{"start":{"line":19,"column":4},"end":{"line":19,"column":4}}]},"2":{"line":33,"type":"binary-expr","locations":[{"start":{"line":33,"column":7},"end":{"line":33,"column":23}},{"start":{"line":33,"column":27},"end":{"line":33,"column":28}}]}},"code":["","","var Threads= require('threads_a_gogo');","","","function cb (err, msg) {","  this.destroy();","  ++i;","  process.stdout.write('\\n'+ msg + ' -> '+ this.id);","}","","function pi () {","  var π= 0;","  var num= 4;","  var den= 1;","  var plus= true;","","  while (den < 1e7) {","    if (plus) {","      π+= num/den;","      plus= false;","    }","    else {","      π-= num/den;","      plus= true;","    }","    den+= 2;","  }","  return π;","}","","","var i= +process.argv[2] || 1;","console.log('Using '+ i+ ' threads');","","var precompiled= Threads.preCompile('('+ pi+ ')()');","var t= Date.now();","while (i--) {","  Threads.create().eval(precompiled, cb);","}","","","i= 0;","process.on('exit', function () {","  t= Date.now()- t;","  var tps= (i*1e3/t).toFixed(1);","  console.log('\\nTiempo total (ms) -> '+ t);","  console.log('Threads por segundo -> '+ tps);","  console.log('Total de threads ejecutadas -> '+ i);","});",""],"l":{"3":2,"6":1,"7":0,"8":0,"9":0,"12":1,"13":0,"14":0,"15":0,"16":0,"18":0,"19":0,"20":0,"21":0,"24":0,"25":0,"27":0,"29":0,"33":2,"34":2,"36":2,"37":0,"38":0,"39":0,"43":0,"44":0,"45":0,"46":0,"47":0,"48":0,"49":0}},"/home/travis/build/npmtest/node-npmtest-threads_a_gogo/node_modules/threads_a_gogo/src/boot.js":{"path":"/home/travis/build/npmtest/node-npmtest-threads_a_gogo/node_modules/threads_a_gogo/src/boot.js","s":{"1":1,"2":1,"3":1,"4":1,"5":1,"6":0,"7":0,"8":1,"9":0,"10":0,"11":0,"12":1,"13":0,"14":0,"15":1,"16":0,"17":0,"18":0,"19":0,"20":0,"21":0,"22":0,"23":0,"24":0,"25":0,"26":1,"27":0,"28":0,"29":1,"30":0,"31":0,"32":0,"33":1,"34":0,"35":0,"36":1,"37":0,"38":0,"39":0,"40":0,"41":0,"42":0,"43":0,"44":0,"45":0,"46":0,"47":0,"48":0,"49":0,"50":0,"51":0,"52":0,"53":0,"54":0,"55":0,"56":0,"57":0,"58":1},"b":{"1":[1,0],"2":[0,1],"3":[0,0],"4":[0,0],"5":[0,0],"6":[0,0],"7":[0,0],"8":[0,0],"9":[0,0],"10":[0,0],"11":[0,0]},"f":{"1":1,"2":1,"3":0,"4":0,"5":0,"6":0,"7":0,"8":0,"9":0,"10":0,"11":0},"fnMap":{"1":{"name":"boot0","line":7,"loc":{"start":{"line":7,"column":1},"end":{"line":7,"column":25}}},"2":{"name":"(anonymous_2)","line":9,"loc":{"start":{"line":9,"column":11},"end":{"line":9,"column":23}}},"3":{"name":"setImmediate","line":13,"loc":{"start":{"line":13,"column":27},"end":{"line":13,"column":53}}},"4":{"name":"boot","line":19,"loc":{"start":{"line":19,"column":2},"end":{"line":19,"column":45}}},"5":{"name":"(anonymous_5)","line":22,"loc":{"start":{"line":22,"column":13},"end":{"line":22,"column":25}}},"6":{"name":"nextTick","line":24,"loc":{"start":{"line":24,"column":4},"end":{"line":24,"column":27}}},"7":{"name":"dispatchNextTicks","line":29,"loc":{"start":{"line":29,"column":4},"end":{"line":29,"column":39}}},"8":{"name":"on","line":45,"loc":{"start":{"line":45,"column":4},"end":{"line":45,"column":28}}},"9":{"name":"once","line":50,"loc":{"start":{"line":50,"column":4},"end":{"line":50,"column":30}}},"10":{"name":"removeAllListeners","line":56,"loc":{"start":{"line":56,"column":4},"end":{"line":56,"column":40}}},"11":{"name":"dispatchEvents","line":61,"loc":{"start":{"line":61,"column":4},"end":{"line":61,"column":49}}}},"statementMap":{"1":{"start":{"line":7,"column":0},"end":{"line":96,"column":4}},"2":{"start":{"line":9,"column":2},"end":{"line":9,"column":42}},"3":{"start":{"line":9,"column":25},"end":{"line":9,"column":37}},"4":{"start":{"line":11,"column":2},"end":{"line":17,"column":3}},"5":{"start":{"line":12,"column":4},"end":{"line":16,"column":5}},"6":{"start":{"line":13,"column":6},"end":{"line":15,"column":8}},"7":{"start":{"line":14,"column":8},"end":{"line":14,"column":28}},"8":{"start":{"line":19,"column":2},"end":{"line":92,"column":3}},"9":{"start":{"line":21,"column":4},"end":{"line":21,"column":15}},"10":{"start":{"line":22,"column":4},"end":{"line":22,"column":44}},"11":{"start":{"line":22,"column":27},"end":{"line":22,"column":39}},"12":{"start":{"line":24,"column":4},"end":{"line":26,"column":5}},"13":{"start":{"line":25,"column":6},"end":{"line":25,"column":20}},"14":{"start":{"line":28,"column":4},"end":{"line":28,"column":16}},"15":{"start":{"line":29,"column":4},"end":{"line":43,"column":5}},"16":{"start":{"line":30,"column":6},"end":{"line":41,"column":7}},"17":{"start":{"line":31,"column":8},"end":{"line":31,"column":55}},"18":{"start":{"line":32,"column":8},"end":{"line":32,"column":13}},"19":{"start":{"line":33,"column":8},"end":{"line":40,"column":9}},"20":{"start":{"line":34,"column":10},"end":{"line":34,"column":43}},"21":{"star
[...]
"_\" || c === \"$\" || c === \"\\\\\" ||","        c > \"\\x7e\");","}","","","/* getc -- return the next character from stream,","        or EOF if there aren't any more.","*/","","function getc (stream) {","    var c;","    if (stream.nextc < stream.buffer.length) {","        c = stream.buffer[stream.nextc];","        stream.nextc += 1;","        return c;","    }","    return EOF;","}","","","/* get -- return the next character from stdin. Watch out for lookahead. If","        the character is a control character, translate it to a space or","        linefeed.","*/","","function get () {","    var c = theLookahead;","    theLookahead = EOF;","    if (c === EOF) {","        c = getc(stdin);","    }","    if (c === EOF || c >= \" \" || c === \"\\n\") {","        return c;","    }","    if (c === \"\\r\") {","        return \"\\n\";","    }","    return \" \";","}","","","/* peek -- get the next character without getting it.","*/","","function peek () {","    theLookahead = get();","    return theLookahead;","}","","","/* next -- get the next character, excluding comments. peek() is used to see","        if a \"/\" is followed by a \"/\" or \"*\".","*/","","function next () {","    var c = get();","    if  (c === \"/\") {","        switch (peek()) {","        case \"/\":","            while (1) {","                c = get();","                if (c <= \"\\n\") {","                    return c;","                }","            }","        case \"*\":","            get();","            while (1) {","                switch (get()) {","                case \"*\":","                    if (peek() === \"/\") {","                        get();","                        return \" \";","                    }","                    break;","                case EOF:","                    puts(\"stderr\", \"Error: JSMIN Unterminated comment.\\n\");","                    process.exit(1);","                }","            }","        default:","            return c;","        }","    }","    return c;","}","","","/* action -- do something! What you do is determined by the argument:","        1   Output A. Copy B to A. Get the next B.","        2   Copy B to A. Get the next B. (Delete A).","        3   Get the next B. (Delete B).","   action treats a string as a single character. Wow!","   action recognizes a regular expression if it is preceded by ( or , or =.","*/","","function action (d) {","    switch (d) {","    case 1:","        puts(\"stdout\", theA);","    case 2:","        theA = theB;","        if (theA === \"'\" || theA === \"\\\"\") {","            while (1) {","                puts(\"stdout\", theA);","                theA = get();","                if (theA === theB) {","                    break;","                }","                if (theA === \"\\\\\") {","                    puts(\"stdout\", theA);","                    theA = get();","                }","                if (theA === EOF) {","                    puts(\"stderr\", \"Error: JSMIN unterminated string literal.\");","                    process.exit(1);","                }","            }","        }","    case 3:","        theB = next();","        if (theB === \"/\" && (theA === \"(\" || theA === \",\" || theA === \"=\" ||","                             theA === \":\" || theA === \"[\" || theA === \"!\" ||","                             theA === \"&\" || theA === \"|\" || theA === \"?\" ||","                             theA === \"{\" || theA === \"}\" || theA === \";\" ||","                             theA === \"\\n\")) {","            puts(\"stdout\", theA);","            puts(\"stdout\", theB);","            while (1) {","                theA = get();","                if (theA === \"/\") {","                    break;","                }","                if (theA === \"\\\\\") {","                    puts(\"stdout\", theA);","                    theA = get();","                }","                if (theA === EOF) {","                    puts(\"stderr\", \"Error: JSMIN unterminated Regular Expression literal.\\n\");","                    process.exit(1);","                }","                puts(\"stdout\", theA);","            }","            theB = next();","        }","    }","}","","","/* jsmin -- Copy the input to the output, deleting the characters which are","        insignificant to JavaScript. Comments will be removed. Tabs will be","        replaced with spaces. Carriage returns will be replaced with linefeeds.","        Most spaces and linefeeds will be removed.","*/","","function jsmin () {","    theA = \"\\n\";","    action(3);","    while (theA !== EOF) {","        switch (theA) {","        case \" \":","            if (isAlphanum(theB)) {","                action(1);","            }","            else {","                action(2);","            }","            break;","        case \"\\n\":","            switch (theB) {","            case \"{\":","            case \"[\":","            case \"(\":","            case \"+\":","            case \"-\":","                action(1);","                break;","            case \" \":","                action(3);","                break;","            default:","                if (isAlphanum(theB)) {","                    action(1);","                } else {","                    action(2);","                }","            }","            break;","        default:","            switch (theB) {","            case \" \":","                if (isAlphanum(theA)) {","                    action(1);","                    break;","                }","                action(3);","                break;","            case \"\\n\":","                switch (theA) {","                case \"}\":","                case \"]\":","                case \")\":","                case \"+\":","                case \"-\":","                case \"\\\"\":","                case \"'\":","                    action(1);","                    break;","                default:","                    if (isAlphanum(theA)) {","                        action(1);","                    } else {","                        action(3);","                    }","                }","                break;","            default:","                action(1);","                break;","            }","        }","    }","}","","","","var stdout= \"\";","var stdin= { nextc:0, buffer:script };","jsmin();","return stdout;","","}","","function jstoc (file,cVarName,fs,txt) {","    fs= require('fs');","    txt= \"\\nstatic const char* \"","           + cVarName+ \"= \\\"\"","           + hex(jsminjs(fs.readFileSync(file, \"utf8\")))","           + \"\\\";\\x0a\";","","    fs.writeFileSync(file+ \".c\", txt, \"utf8\");","    console.log(\"*** THREADS_A_GOGO: JS2C(\"+ cVarName+ \"): OK\");","}","","","jstoc(\"boot.js\", \"kBoot_js\");","jstoc(\"pool.js\", \"kPool_js\");",""],"l":{"3":2,"5":1,"6":0,"7":0,"8":0,"9":0,"10":0,"11":0,"12":0,"13":0,"14":0,"15":0,"16":0,"17":0,"20":0,"23":1,"55":0,"56":0,"57":0,"58":0,"64":1,"65":0,"66":0,"69":0,"78":1,"79":0,"89":1,"90":0,"91":0,"92":0,"93":0,"94":0,"96":0,"105":1,"106":0,"107":0,"108":0,"109":0,"111":0,"112":0,"114":0,"115":0,"117":0,"124":1,"125":0,"126":0,"134":1,"135":0,"136":0,"137":0,"139":0,"140":0,"141":0,"142":0,"146":0,"147":0,"148":0,"150":0,"151":0,"152":0,"154":0,"156":0,"157":0,"161":0,"164":0,"176":1,"177":0,"179":0,"181":0,"182":0,"183":0,"184":0,"185":0,"186":0,"187":0,"189":0,"190":0,"191":0,"193":0,"194":0,"195":0,"200":0,"201":0,"206":0,"207":0,"208":0,"209":0,"210":0,"211":0,"213":0,"214":0,"215":0,"217":0,"218":0,"219":0,"221":0,"223":0,"235":1,"236":0,"237":0,"238":0,"239":0,"241":0,"242":0,"245":0,"247":0,"249":0,"255":0,"256":0,"258":0,"259":0,"261":0,"262":0,"264":0,"267":0,"269":0,"271":0,"272":0,"273":0,"275":0,"276":0,"278":0,"286":0,"287":0,"289":0,"290":0,"292":0,"295":0,"297":0,"298":0,"306":0,"307":0,"308":0,"309":0,"313":1,"314":2,"315":2,"320":0,"321":0,"325":2,"326":0}},"/home/travis/build/npmtest/node-npmtest-threads_a_gogo/node_modules/threads_a_gogo/src/pool.js":{"path":"/home/travis/build/npmtest/node-npmtest-threads_a_gogo/node_modules/threads_a_gogo/src/pool.js","s":{"1":1,"2":0,"3":1,"4":0,"5":0,"6":0,"7":1,"8":0,"9":0,"10":0,"11":0,"12":1,"13":0,"14":0,"15":0,"16":1,"17":0,"18":0,"19":0,"20":0,"21":0,"22":1,"23":0,"24":0,"25":0,"26":0,"27":1,"28":0,"29":0,"30":0,"31":0,"32":0,"33":0,"34":1,"35":0,"36":0,"37":0,"38":1,"39":0,"40":1,"41":0,"42":1,"43":0,"44":0,"45":0,"46":0,"47":0,"48":0,"49":0,"50":0,"51":0,"52":0,"53":0,"54":0,"55":0,"56":0,"57":0,"58":0,"59":0,"60":0,"61":0,"62":0,"63":0,"64":0,"65":0,"66":0,"67":0,"68":0,"69":0},"b":{"1":[0,0],"2":[0,0],"3":[0,0],"4":[0,0],"5":[0,0],"6":[0,0]},"f":{"1":0,"2":0,"3":0,"4":0,"5":0,"6":0,"7":0,"8":0,"9":0,"10":0,"11":0,"12":0,"13":0,"14":0,"15":0,"16":0,"17":0,"18":0,"19":0},"fnMap":{"1":{"name":"createPool","line":2,"loc":{"start":{"line":2,"column":1},"end":{"line":2,"column":25}}},"2":{"name":"load","line":10,"loc":{"start":{"line":10,"column":2},"end":{"line":10,"column":27}}},"3":{"name":"(anonymous_3)","line":11,"loc":{"start":{"line":11,"column":19},"end":{"line":11,"column":36}}},"4":{"name":"wrap","line":16,"loc":{"start":{"line":16,"column":2},"end":{"line":16,"column":21}}},"5":{"name":"wrapcb","line":17,"loc":{"start":{"line":17,"column":11},"end":{"line":17,"column":41}}},"6":{"name":"evalAny","line":24,"loc":{"start":{"line":24,"column":2},"end":{"line":24,"column":29}}},"7":{"name":"evalAll","line":34,"loc":{"start":{"line":34,"column":2},"end":{"line":34,"column":32}}},"8":{"name":"emitAny","line":44,"loc":{"start":{"line":44,"column":2},"end":{"line":44,"column":29}}},"9":{"name":"emitAll","line":55,"loc":{"start":{"line":55,"column":2},"end":{"line":55,"column":32}}},"10":{"name":"on","line":66,"loc":{"start":{"line":66,"column":2},"end":{"line":66,"column":26}}},"11":{"name":"(anonymous_11)","line":67,"loc":{"start":{"line":67,"column":19},"end":{"line":67,"column":36}}},"12":{"name":"rnd","line":72,"loc":{"start":{"line":72,"column":2},"end":{"line":72,"column":19}}},"13":{"name":"destroy","line":75,"loc":{"start":{"line":75,"column":2},"end":{"line":75,"column":39}}},"14":{"name":"micb","line":77,"loc":{"start":{"line":77,"column":4},"end":{"line":77,"column":21}}},"15":{"name":"(anonymous_15)","line":81,"loc":{"start":{"line":81,"column":19},"end":{"line":81,"column":36}}},"16":{"name":"err","line":82,"loc":{"start":{"line":82,"column":77},"end":{"line":82,"column":93}}},"17":{"name":"getTotalThreads","line":101,"loc":{"start":{"line":101,"column":22},"end":{"line":101,"column":50}}},"18":{"name":"getIdleThreads","line":102,"loc":{"start":{"line":102,"column":21},"end":{"line":102,"column":48}}},"19":{"name":"getPendingJobs","line":108,"loc":{"start":{"line":108,"column":21},"end":{"line":108,"column":48}}}},"statementMap":{"1":{"start":{"line":2,"column":0},"end":{"line":124,"column":2}},"2":{"start":{"line":8,"column":2},"end":{"line":8,"column":21}},"3":{"start":{"line":10,"column":2},"end":{"line":13,"column":3}},"4":{"start":{"line":11,"column":4},"end":{"line":11,"column":58}},"5":{"start":{"line":11,"column":38},"end":{"line":11,"column":55}},"6":{"start":{"line":12,"column":4},"end":{"line":12,"column":13}},"7":{"start":{"line":16,"column":2},"end":{"line":21,"column":3}},"8":{"start":{"line":17,"column":4},"end":{"line":20,"column":5}},"9":{"start":{"line":18,"column":6},"end":{"line":18,"column":18}},"10":{"start":{"line":19,"column":6},"end":{"line":19,"column":41}},"11":{"start":{"line":19,"column":14},"end":{"line":19,"column":41}},"12":{"start":{"line":24,"column":2},"end":{"line":31,"column":3}},"13":{"start":{"line":28,"column":4},"end":{"line":28,"column":16}},"14":{"start":{"line":29,"column":4},"end":{"line":29,"column":51}},"15":{"start":{"line":30,"column":4},"end":{"line":30,"column":13}},"16":{"start":{"line":34,"column":2},"end":{"line":41,"column":3}},"17":{"start":{"line":35,"column":4},"end":{"line":35,"column":21}},"18":{"start":{"line":36,"column":4},"end":{"line":39,"column":5}},"19":{"start":{"line":37,"column":6},"end":{"line":37,"column":18}},"20":{"start":{"line":38,"column":6},"end":{"line":38,"column":36}},"21":{"start":{"line":40,"column":4},"end":{"line":40,"column":13}},"22":{"start":{"line":44,"column":2},"end":{"line":52,"column":3}},"23":{"start":{"line":48,"column":4},"end":{"line":48,"column":51}},"24":{"start":{"line":49,"column":4},"end":{"line":49,"column":34}},"25":{"start":{"line":50,"column":4},"end":{"line":50,"column":26}},"26":{"start":{"line":51,"column":4},"end":{"line":51,"column":13}},"27":{"start":{"line":55,"column":2},"end":{"line":63,"column":3}},"28":{"start":{"line":56,"column":4},"end":{"line":56,"column":51}},"29":{"start":{"line":57,"column":4},"end":{"line":57,"column":21}},"30":{"start":{"line":58,"column":4},"end":{"line":61,"column":5}},"31":{"start":{"line":59,"column":6},"end":{"line":59,"column":19}},"32":{"start":{"line":60,"column":6},"end":{"line":60,"column":28}},"33":{"start":{"line":62,"column":4},"end":{"line":62,"column":13}},"34":{"start":{"line":66,"column":2},"end":{"line":69,"column":3}},"35":{"start":{"line":67,"column":4},"end":{"line":67,"column":57}},"36":{"start":{"line":67,"column":38},"end":{"line":67,"column":54}},"37":{"start":{"line":68,"column":4},"end":{"line":68,"column":13}},"38":{"start":{"line":72,"column":2},"end":{"line":72,"column":59}},"39":{"start":{"line":72,"column":21},"end":{"line":72,"column":58}},"40":{"start":{"line":75,"column":2},"end":{"line":86,"column":3}},"41":{"start":{"line":76,"column":4},"end":{"line":76,"column":11}},"42":{"start":{"line":77,"column":4},"end":{"line":79,"column":5}},"43":{"start":{"line":78,"column":6},"end":{"line":78,"column":54}},"44":{"start":{"line":78,"column":35},"end":{"line":78,"column":54}},"45":{"start":{"line":80,"column":4},"end":{"line":80,"column":44}},"46":{"start":{"line":80,"column":36},"end":{"line":80,"column":44}},"47":{"start":{"line":81,"column":4},"end":{"line":81,"column":92}},"48":{"start":{"line":81,"column":38},"end":{"line":81,"column":89}},"49":{"start":{"line":82,"column":4},"end":{"line":84,"column":6}},"50":{"start":{"line":83,"column":6},"end":{"line":83,"column":61}},"51":{"start":{"line":85,"column":4},"end":{"line":85,"column":15}},"52":{"start":{"line":89,"column":2},"end":{"line":89,"column":19}},"53":{"start":{"line":90,"column":2},"end":{"line":92,"column":3}},"54":{"start":{"line":91,"column":4},"end":{"line":91,"column":86}},"55":{"start":{"line":94,"column":2},"end":{"line":94,"column":13}},"56":{"start":{"line":95,"column":2},"end":{"line":95,"column":13}},"57":{"start":{"line":96,"column":2},"end":{"line":110,"column":19}},"58":{"start":{"line":101,"column":52},"end":{"line":101,"column":73}},"59":{"start":{"line":106,"column":10},"end":{"line":106,"column":30}},"60":{"start":{"line":108,"column":50},"end":{"line":108,"column":65}},"61":{"start":{"line":112,"column":2},"end":{"line":121,"column":3}},"62":{"start":{"line":113,"column":4},"end":{"line":113,"column":41}},"63":{"start":{"line":113,"column":16},"end":{"line":113,"column":41}},"64":{"start":{"line":116,"column":4},"end":{"line":119,"column":5}},"65":{"start":{"line":117,"column":6},"end":{"line":117,"column":24}},"66":{"start":{"line":118,"column":6},"end":{"line":118,"column":52}},"67":{"start":{"line":118,"column":28},"end":{"line":118,"column":52}},"68":{"start":{"line":120,"column":4},"end":{"line":120,"column":12}},"69":{"start":{"line":123,"column":2},"end":{"line":123,"column":11}}},"branchMap":{"1":{"line":19,"type":"if","locations":[{"start":{"line":19,"column":6},"end":{"line":19,"column":6}},{"start":{"line":19,"column":6},"end":{"line":19,"column":6}}]},"2":{"line":78,"type":"if","locations":[{"start":{"line":78,"column":6},"end":{"line":78,"column":6}},{"start":{"line":78,"column":6},"end":{"line":78,"column":6}}]},"3":{"line":80,"type":"if","locations":[{"start":{"line":80,"column":4},"end":{"line":80,"column":4}},{"start":{"line":80,"column":4},"end":{"line":80,"column":4}}]},"4":{"line":81,"type":"cond-expr","locations":[{"start":{"line":81,"column":45},"end":{"line":81,"column":68}},{"start":{"line":81,"column":71},"end":{"line":81,"column":88}}]},"5":{"line":90,"type":"if","locations":[{"start":{"line":90,"column":2},"end":{"line":90,"column":2}},{"start":{"line":90,"column":2},"end":{"line":90,"column":2}}]},"6":{"line":116,"type":"if","locations":[{"start":{"line":116,"column":4},"end":{"line":116,"column":4}},{"start":{"line":116,"column":4},"end":{"line":116,"column":4}}]}},"code":["","(function createPool (n) {","  'use strict';","  ","  //2011-11, 2016-12 Proyectos Equis Ka, s.l., jorge@jorgechamorro.com","  //threads_a_gogo pool.js","  ","  var o,tagg,jobsCtr;","","  function load (path, cb) {","    o.pool.forEach(function (v,i,o) { v.load(path, cb) });","    return o;","  }","","","  function wrap (cb) {","    return function wrapcb (err, result) {","      jobsCtr-= 1;","      if (cb) cb.call(this, err, result);","    }","  }","","","  function evalAny (src, cb) {","/*","    TODO esto no es lo que debe ser, no es cuestión de elegir al buen tuntún","*/","    jobsCtr+= 1;","    o.pool[rnd(o.pool.length)].eval(src, wrap(cb));","    return o;","  }","  ","  ","  function evalAll (src, cb, i) {","    i= o.pool.length;","    while (i--) {","      jobsCtr+= 1;","      o.pool[i].eval(src, wrap(cb));","    };","    return o;","  }","","","  function emitAny (t, args) {","/*","    TODO esto no es lo que debe ser, no es cuestión de elegir al buen tuntún","*/","    args= Array.prototype.splice.call(arguments,0);","    t= o.pool[rnd(o.pool.length)];","    t.emit.apply(t, args);","    return o;","  }","","","  function emitAll (t, args, i) {","    args= Array.prototype.splice.call(arguments,0);","    i= o.pool.length;","    while (i--) {","      t= o.pool[i];","      t.emit.apply(t, args);","    }","    return o;","  }","","","  function on (event, cb) {","    o.pool.forEach(function (v,i,o) { v.on(event, cb) });","    return o;","  }","","","  function rnd (n) { return Math.floor(n * Math.random()) }","  ","  ","  function destroy (rudeza, sucb, ctr) {","    ctr= 0;","    function micb () {","      if (++ctr === o.pool.length) setImmediate(sucb);","    }","    if (typeof sucb !== 'function') sucb= 0;","    o.pool.forEach(function (v,i,o) { sucb ? v.destroy(rudeza, micb) : v.destroy(rudeza) });","    o.any.eval= o.any.emit= o.all.eval= o.all.emit= o.on= o.load= o.destroy= function err () {","      throw new Error('This thread pool has been destroyed');","    };","    o.pool= [];","  }","","","  n= Math.floor(n);","  if (!(n > 0)) {","    throw new Error('.createPool( numOfThreads ): numOfThreads must be a Number > 0');","  }","  ","  tagg= this;","  jobsCtr= 0;","  o= {  ","        load:load,","        on:on,","        any: { eval:evalAny, emit:emitAny },","        all: { eval:evalAll, emit:emitAll },","        totalThreads: function getTotalThreads () { return o.pool.length },","        idleThreads: function getIdleThreads () {","/*","    TODO esto no es lo que debe ser, espabilao!","*/","          return o.pool.length","        },","        pendingJobs: function getPendingJobs () { return jobsCtr },","        destroy:destroy,","        pool: [] };","","  try {","    while (n--) o.pool[n]= tagg.create();","  }","  catch (e) {","    if (o.pool.length) {","      o.pool.length-= 1;","      while (o.pool.length) o.pool.pop().destroy(1);","    }","    throw e;","  }","","  return o;","})",""],"l":{"2":1,"8":0,"10":1,"11":0,"12":0,"16":1,"17":0,"18":0,"19":0,"24":1,"28":0,"29":0,"30":0,"34":1,"35":0,"36":0,"37":0,"38":0,"40":0,"44":1,"48":0,"49":0,"50":0,"51":0,"55":1,"56":0,"57":0,"58":0,"59":0,"60":0,"62":0,"66":1,"67":0,"68":0,"72":1,"75":1,"76":0,"77":1,"78":0,"80":0,"81":0,"82":0,"83":0,"85":0,"89":0,"90":0,"91":0,"94":0,"95":0,"96":0,"101":0,"106":0,"108":0,"112":0,"113":0,"116":0,"117":0,"118":0,"120":0,"123":0}}}